#
# A fatal error has been detected by the Java Runtime Environment:
#
#  SIGSEGV (0xb) at pc=0x00007f253adb3691, pid=6527, tid=0x00007f2512ffd640
#
# JRE version: OpenJDK Runtime Environment (8.0_275-b01) (build 1.8.0_275-8u275-b01-0ubuntu1~20.10-b01)
# Java VM: OpenJDK 64-Bit Server VM (25.275-b01 mixed mode linux-amd64 compressed oops)
# Problematic frame:
# C  [libLeap.so+0x5a691]
#
# Failed to write core dump. Core dumps have been disabled. To enable core dumping, try "ulimit -c unlimited" before starting Java again
#
# If you would like to submit a bug report, please visit:
#   http://bugreport.java.com/bugreport/crash.jsp
# The crash happened outside the Java Virtual Machine in native code.
# See problematic frame for where to report the bug.
#

---------------  T H R E A D  ---------------

Current thread (0x00007f24f0001000):  JavaThread "Thread-2264" [_thread_in_native, id=6561, stack(0x00007f25127fe000,0x00007f2512ffe000)]

siginfo: si_signo: 11 (SIGSEGV), si_code: 1 (SEGV_MAPERR), si_addr: 0x0000000000000008

Registers:
RAX=0x00007f2504024a30, RBX=0x0000000000000000, RCX=0x00007f25040285c0, RDX=0x0000000066666667
RSP=0x00007f2512ffc3e0, RBP=0x0000000000000005, RSI=0x0000000000000000, RDI=0x0000000000000000
R8 =0x00007f24fc007830, R9 =0x00000006c86206c0, R10=0x00007f257d16e995, R11=0x0000000000000293
R12=0x0000000000000000, R13=0x00007f2512ffc3f0, R14=0x00007f24fc03a1e0, R15=0x00007f2512ffc490
RIP=0x00007f253adb3691, EFLAGS=0x0000000000010206, CSGSFS=0x002b000000000033, ERR=0x0000000000000004
  TRAPNO=0x000000000000000e

Top of Stack: (sp=0x00007f2512ffc3e0)
0x00007f2512ffc3e0:   0000000000000000 00007f2512ffc400
0x00007f2512ffc3f0:   0000000000000000 0000000000000000
0x00007f2512ffc400:   00007f2504024a30 00007f2504024a30
0x00007f2512ffc410:   00007f2504024a80 00000006c8620780
0x00007f2512ffc420:   0000000000000001 00000006c8620780
0x00007f2512ffc430:   00000006c86207a8 00000006c8620780
0x00007f2512ffc440:   0000000000000031 00007f2512ffc490
0x00007f2512ffc450:   00007f2512ffc490 0000000000000000
0x00007f2512ffc460:   00007f255f387e10 00007f2512ffc4f0
0x00007f2512ffc470:   00007f24f0001000 00007f253adb39b7
0x00007f2512ffc480:   00007f255f45d1b0 00007f2548217b16
0x00007f2512ffc490:   0000000000000293 00000007c0026798
0x00007f2512ffc4a0:   00007f255f45d1b0 00007f2512ffc500
0x00007f2512ffc4b0:   0000000000000000 00007f257d16ea07
0x00007f2512ffc4c0:   00007f2512ffc500 000000076e8c2d40
0x00007f2512ffc4d0:   00007f255f45d1b0 000000076e8c2d40
0x00007f2512ffc4e0:   0000000000000000 00007f257d16e958
0x00007f2512ffc4f0:   00000006c860a808 0000000000000206
0x00007f2512ffc500:   00007f2512ffc8e0 00007f257d1ca46c
0x00007f2512ffc510:   0000000000000000 0000003000000010
0x00007f2512ffc520:   00007f2512ffcc50 8b46ccb3f35c0100
0x00007f2512ffc530:   0000000000000000 00007f2512ffc4e8
0x00007f2512ffc540:   00007f2512ffc529 0000000800000001
0x00007f2512ffc550:   00007f2512ffc500 8b46ccb3f35c2f00
0x00007f2512ffc560:   0000000000000108 00007f258c211c00
0x00007f2512ffc570:   00007f24f0001000 00007f2512ffc868
0x00007f2512ffc580:   00007f2512ffc5b0 00007f2591f4302b
0x00007f2512ffc590:   0000000000000000 00007f258c211c00
0x00007f2512ffc5a0:   0000000000000000 00007f2512ffc868
0x00007f2512ffc5b0:   00007f2512ffc790 00007f257d0fa85a
0x00007f2512ffc5c0:   00007f2512ffc600 0000000000000000
0x00007f2512ffc5d0:   00007f2512ffcb09 00007f2512ffc930 

Instructions: (pc=0x00007f253adb3691)
0x00007f253adb3671:   e8 7a 88 ff ff 4c 8d 6c 24 10 31 db 48 85 ed 74
0x00007f253adb3681:   6c 4d 8b 86 58 01 00 00 ba 67 66 66 66 49 8b 30
0x00007f253adb3691:   8b 4e 08 89 c8 f7 ea 89 c8 c1 f8 1f c1 fa 02 29
0x00007f253adb36a1:   c2 8d 04 92 01 c0 29 c1 39 cb 0f 84 7f 01 00 00 

Register to memory mapping:

RAX=0x00007f2504024a30 is an unknown value
RBX=0x0000000000000000 is an unknown value
RCX=0x00007f25040285c0 is an unknown value
RDX=0x0000000066666667 is an unknown value
RSP=0x00007f2512ffc3e0 is pointing into the stack for thread: 0x00007f24f0001000
RBP=0x0000000000000005 is an unknown value
RSI=0x0000000000000000 is an unknown value
RDI=0x0000000000000000 is an unknown value
R8 =0x00007f24fc007830 is an unknown value
R9 =0x00000006c86206c0 is an oop
java.io.FileDescriptor 
 - klass: 'java/io/FileDescriptor'
R10=0x00007f257d16e995 is at entry_point+85 in (nmethod*)0x00007f257d16e7d0
R11=0x0000000000000293 is an unknown value
R12=0x0000000000000000 is an unknown value
R13=0x00007f2512ffc3f0 is pointing into the stack for thread: 0x00007f24f0001000
R14=0x00007f24fc03a1e0 is an unknown value
R15=0x00007f2512ffc490 is pointing into the stack for thread: 0x00007f24f0001000


Stack: [0x00007f25127fe000,0x00007f2512ffe000],  sp=0x00007f2512ffc3e0,  free space=8184k
Native frames: (J=compiled Java code, j=interpreted, Vv=VM code, C=native code)
C  [libLeap.so+0x5a691]

Java frames: (J=compiled Java code, j=interpreted, Vv=VM code)
J 199  com.leapmotion.leap.LeapJNI.Hand_fingers(JLcom/leapmotion/leap/Hand;)J (0 bytes) @ 0x00007f257d16e995 [0x00007f257d16e940+0x55]
J 324 C1 pbl.SampleListener.onFrame(Lcom/leapmotion/leap/Controller;)V (428 bytes) @ 0x00007f257d1ca46c [0x00007f257d1c96a0+0xdcc]
J 279 C1 com.leapmotion.leap.LeapJNI.SwigDirector_Listener_onFrame(Lcom/leapmotion/leap/Listener;J)V (14 bytes) @ 0x00007f257d1a9ba4 [0x00007f257d1a9920+0x284]
v  ~StubRoutines::call_stub

---------------  P R O C E S S  ---------------

Java Threads: ( => current thread )
=>0x00007f24f0001000 JavaThread "Thread-2264" [_thread_in_native, id=6561, stack(0x00007f25127fe000,0x00007f2512ffe000)]
  0x00007f258c1ff800 JavaThread "Thread-0" [_thread_blocked, id=6553, stack(0x00007f255c233000,0x00007f255c334000)]
  0x00007f258c0d9800 JavaThread "Service Thread" daemon [_thread_blocked, id=6551, stack(0x00007f255c6d1000,0x00007f255c7d2000)]
  0x00007f258c0ce000 JavaThread "C1 CompilerThread3" daemon [_thread_blocked, id=6550, stack(0x00007f255c7d3000,0x00007f255c8d3000)]
  0x00007f258c0cc000 JavaThread "C2 CompilerThread2" daemon [_thread_blocked, id=6549, stack(0x00007f255c8d4000,0x00007f255c9d4000)]
  0x00007f258c0ca800 JavaThread "C2 CompilerThread1" daemon [_thread_blocked, id=6548, stack(0x00007f255c9d5000,0x00007f255cad5000)]
  0x00007f258c0c7800 JavaThread "C2 CompilerThread0" daemon [_thread_blocked, id=6547, stack(0x00007f255cad6000,0x00007f255cbd6000)]
  0x00007f258c0c1800 JavaThread "Signal Dispatcher" daemon [_thread_blocked, id=6546, stack(0x00007f255cbd6000,0x00007f255ccd7000)]
  0x00007f258c093000 JavaThread "Finalizer" daemon [_thread_blocked, id=6545, stack(0x00007f255ccd7000,0x00007f255cdd8000)]
  0x00007f258c08e000 JavaThread "Reference Handler" daemon [_thread_blocked, id=6544, stack(0x00007f255cdd8000,0x00007f255ced9000)]
  0x00007f258c00a800 JavaThread "main" [_thread_in_native, id=6532, stack(0x00007f25910d1000,0x00007f25911d1000)]

Other Threads:
  0x00007f258c084800 VMThread [stack: 0x00007f255ceda000,0x00007f255cfda000] [id=6543]
  0x00007f258c0dc000 WatcherThread [stack: 0x00007f255c5d1000,0x00007f255c6d1000] [id=6552]

VM state:not at safepoint (normal execution)

VM Mutex/Monitor currently owned by a thread: None

heap address: 0x00000006c8600000, size: 3962 MB, Compressed Oops mode: Zero based, Oop shift amount: 3
Narrow klass base: 0x0000000000000000, Narrow klass shift: 3
Compressed class space size: 1073741824 Address: 0x00000007c0000000

Heap:
 PSYoungGen      total 39424K, used 18538K [0x000000076d780000, 0x0000000771200000, 0x00000007c0000000)
  eden space 38400K, 48% used [0x000000076d780000,0x000000076e982b48,0x000000076fd00000)
  from space 1024K, 9% used [0x0000000771000000,0x0000000771018000,0x0000000771100000)
  to   space 1024K, 0% used [0x0000000771100000,0x0000000771100000,0x0000000771200000)
 ParOldGen       total 169472K, used 540K [0x00000006c8600000, 0x00000006d2b80000, 0x000000076d780000)
  object space 169472K, 0% used [0x00000006c8600000,0x00000006c8687060,0x00000006d2b80000)
 Metaspace       used 4099K, capacity 4832K, committed 5120K, reserved 1056768K
  class space    used 432K, capacity 464K, committed 512K, reserved 1048576K

Card table byte_map: [0x00007f25904eb000,0x00007f2590ca9000] byte_map_base: 0x00007f258cea8000

Marking Bits: (ParMarkBitMap*) 0x00007f25922fd680
 Begin Bits: [0x00007f2548430000, 0x00007f254c218000)
 End Bits:   [0x00007f254c218000, 0x00007f2550000000)

Polling page: 0x00007f259254f000

CodeCache: size=245760Kb used=1863Kb max_used=1874Kb free=243896Kb
 bounds [0x00007f257d000000, 0x00007f257d270000, 0x00007f258c000000]
 total_blobs=612 nmethods=331 adapters=195
 compilation: enabled

Compilation events (10 events):
Event: 12,755 Thread 0x00007f258c0ce000  327       3       com.leapmotion.leap.Frame::hands (17 bytes)
Event: 12,755 Thread 0x00007f258c0ce000 nmethod 327 0x00007f257d1bff50 code [0x00007f257d1c00e0, 0x00007f257d1c0478]
Event: 12,755 Thread 0x00007f258c0ce000  328       3       com.leapmotion.leap.HandList::<init> (15 bytes)
Event: 12,755 Thread 0x00007f258c0ce000 nmethod 328 0x00007f257d1bf9d0 code [0x00007f257d1bfb40, 0x00007f257d1bfdc8]
Event: 12,755 Thread 0x00007f258c0ce000  329       3       com.leapmotion.leap.HandList::iterator (9 bytes)
Event: 12,756 Thread 0x00007f258c0ce000 nmethod 329 0x00007f257d1ba8d0 code [0x00007f257d1baa40, 0x00007f257d1bacb0]
Event: 12,756 Thread 0x00007f258c0ce000  330       3       com.leapmotion.leap.HandList$HandListIterator::<init> (15 bytes)
Event: 12,756 Thread 0x00007f258c0ce000 nmethod 330 0x00007f257d1bf5d0 code [0x00007f257d1bf740, 0x00007f257d1bf910]
Event: 15,106 Thread 0x00007f258c0ca800  331       4       java.lang.String::getChars (62 bytes)
Event: 15,109 Thread 0x00007f258c0ca800 nmethod 331 0x00007f257d1c28d0 code [0x00007f257d1c2a20, 0x00007f257d1c2b98]

GC Heap History (10 events):
Event: 20,454 GC heap before
{Heap before GC invocations=33 (full 0):
 PSYoungGen      total 41472K, used 41056K [0x000000076d780000, 0x0000000771300000, 0x00000007c0000000)
  eden space 40960K, 100% used [0x000000076d780000,0x000000076ff80000,0x000000076ff80000)
  from space 512K, 18% used [0x0000000771280000,0x0000000771298000,0x0000000771300000)
  to   space 1024K, 0% used [0x0000000771100000,0x0000000771100000,0x0000000771200000)
 ParOldGen       total 169472K, used 540K [0x00000006c8600000, 0x00000006d2b80000, 0x000000076d780000)
  object space 169472K, 0% used [0x00000006c8600000,0x00000006c8687060,0x00000006d2b80000)
 Metaspace       used 4099K, capacity 4832K, committed 5120K, reserved 1056768K
  class space    used 432K, capacity 464K, committed 512K, reserved 1048576K
Event: 20,456 GC heap after
Heap after GC invocations=33 (full 0):
 PSYoungGen      total 41472K, used 96K [0x000000076d780000, 0x0000000771300000, 0x00000007c0000000)
  eden space 40448K, 0% used [0x000000076d780000,0x000000076d780000,0x000000076ff00000)
  from space 1024K, 9% used [0x0000000771100000,0x0000000771118000,0x0000000771200000)
  to   space 1024K, 0% used [0x0000000771200000,0x0000000771200000,0x0000000771300000)
 ParOldGen       total 169472K, used 540K [0x00000006c8600000, 0x00000006d2b80000, 0x000000076d780000)
  object space 169472K, 0% used [0x00000006c8600000,0x00000006c8687060,0x00000006d2b80000)
 Metaspace       used 4099K, capacity 4832K, committed 5120K, reserved 1056768K
  class space    used 432K, capacity 464K, committed 512K, reserved 1048576K
}
Event: 21,403 GC heap before
{Heap before GC invocations=34 (full 0):
 PSYoungGen      total 41472K, used 40544K [0x000000076d780000, 0x0000000771300000, 0x00000007c0000000)
  eden space 40448K, 100% used [0x000000076d780000,0x000000076ff00000,0x000000076ff00000)
  from space 1024K, 9% used [0x0000000771100000,0x0000000771118000,0x0000000771200000)
  to   space 1024K, 0% used [0x0000000771200000,0x0000000771200000,0x0000000771300000)
 ParOldGen       total 169472K, used 540K [0x00000006c8600000, 0x00000006d2b80000, 0x000000076d780000)
  object space 169472K, 0% used [0x00000006c8600000,0x00000006c8687060,0x00000006d2b80000)
 Metaspace       used 4099K, capacity 4832K, committed 5120K, reserved 1056768K
  class space    used 432K, capacity 464K, committed 512K, reserved 1048576K
Event: 21,404 GC heap after
Heap after GC invocations=34 (full 0):
 PSYoungGen      total 40448K, used 64K [0x000000076d780000, 0x0000000771280000, 0x00000007c0000000)
  eden space 39936K, 0% used [0x000000076d780000,0x000000076d780000,0x000000076fe80000)
  from space 512K, 12% used [0x0000000771200000,0x0000000771210000,0x0000000771280000)
  to   space 1024K, 0% used [0x0000000771080000,0x0000000771080000,0x0000000771180000)
 ParOldGen       total 169472K, used 540K [0x00000006c8600000, 0x00000006d2b80000, 0x000000076d780000)
  object space 169472K, 0% used [0x00000006c8600000,0x00000006c8687060,0x00000006d2b80000)
 Metaspace       used 4099K, capacity 4832K, committed 5120K, reserved 1056768K
  class space    used 432K, capacity 464K, committed 512K, reserved 1048576K
}
Event: 21,857 GC heap before
{Heap before GC invocations=35 (full 0):
 PSYoungGen      total 40448K, used 40000K [0x000000076d780000, 0x0000000771280000, 0x00000007c0000000)
  eden space 39936K, 100% used [0x000000076d780000,0x000000076fe80000,0x000000076fe80000)
  from space 512K, 12% used [0x0000000771200000,0x0000000771210000,0x0000000771280000)
  to   space 1024K, 0% used [0x0000000771080000,0x0000000771080000,0x0000000771180000)
 ParOldGen       total 169472K, used 540K [0x00000006c8600000, 0x00000006d2b80000, 0x000000076d780000)
  object space 169472K, 0% used [0x00000006c8600000,0x00000006c8687060,0x00000006d2b80000)
 Metaspace       used 4099K, capacity 4832K, committed 5120K, reserved 1056768K
  class space    used 432K, capacity 464K, committed 512K, reserved 1048576K
Event: 21,859 GC heap after
Heap after GC invocations=35 (full 0):
 PSYoungGen      total 40448K, used 96K [0x000000076d780000, 0x0000000771280000, 0x00000007c0000000)
  eden space 39424K, 0% used [0x000000076d780000,0x000000076d780000,0x000000076fe00000)
  from space 1024K, 9% used [0x0000000771080000,0x0000000771098000,0x0000000771180000)
  to   space 1024K, 0% used [0x0000000771180000,0x0000000771180000,0x0000000771280000)
 ParOldGen       total 169472K, used 540K [0x00000006c8600000, 0x00000006d2b80000, 0x000000076d780000)
  object space 169472K, 0% used [0x00000006c8600000,0x00000006c8687060,0x00000006d2b80000)
 Metaspace       used 4099K, capacity 4832K, committed 5120K, reserved 1056768K
  class space    used 432K, capacity 464K, committed 512K, reserved 1048576K
}
Event: 22,289 GC heap before
{Heap before GC invocations=36 (full 0):
 PSYoungGen      total 40448K, used 39520K [0x000000076d780000, 0x0000000771280000, 0x00000007c0000000)
  eden space 39424K, 100% used [0x000000076d780000,0x000000076fe00000,0x000000076fe00000)
  from space 1024K, 9% used [0x0000000771080000,0x0000000771098000,0x0000000771180000)
  to   space 1024K, 0% used [0x0000000771180000,0x0000000771180000,0x0000000771280000)
 ParOldGen       total 169472K, used 540K [0x00000006c8600000, 0x00000006d2b80000, 0x000000076d780000)
  object space 169472K, 0% used [0x00000006c8600000,0x00000006c8687060,0x00000006d2b80000)
 Metaspace       used 4099K, capacity 4832K, committed 5120K, reserved 1056768K
  class space    used 432K, capacity 464K, committed 512K, reserved 1048576K
Event: 22,291 GC heap after
Heap after GC invocations=36 (full 0):
 PSYoungGen      total 39424K, used 96K [0x000000076d780000, 0x0000000771200000, 0x00000007c0000000)
  eden space 38912K, 0% used [0x000000076d780000,0x000000076d780000,0x000000076fd80000)
  from space 512K, 18% used [0x0000000771180000,0x0000000771198000,0x0000000771200000)
  to   space 1024K, 0% used [0x0000000771000000,0x0000000771000000,0x0000000771100000)
 ParOldGen       total 169472K, used 540K [0x00000006c8600000, 0x00000006d2b80000, 0x000000076d780000)
  object space 169472K, 0% used [0x00000006c8600000,0x00000006c8687060,0x00000006d2b80000)
 Metaspace       used 4099K, capacity 4832K, committed 5120K, reserved 1056768K
  class space    used 432K, capacity 464K, committed 512K, reserved 1048576K
}
Event: 22,723 GC heap before
{Heap before GC invocations=37 (full 0):
 PSYoungGen      total 39424K, used 39008K [0x000000076d780000, 0x0000000771200000, 0x00000007c0000000)
  eden space 38912K, 100% used [0x000000076d780000,0x000000076fd80000,0x000000076fd80000)
  from space 512K, 18% used [0x0000000771180000,0x0000000771198000,0x0000000771200000)
  to   space 1024K, 0% used [0x0000000771000000,0x0000000771000000,0x0000000771100000)
 ParOldGen       total 169472K, used 540K [0x00000006c8600000, 0x00000006d2b80000, 0x000000076d780000)
  object space 169472K, 0% used [0x00000006c8600000,0x00000006c8687060,0x00000006d2b80000)
 Metaspace       used 4099K, capacity 4832K, committed 5120K, reserved 1056768K
  class space    used 432K, capacity 464K, committed 512K, reserved 1048576K
Event: 22,724 GC heap after
Heap after GC invocations=37 (full 0):
 PSYoungGen      total 39424K, used 96K [0x000000076d780000, 0x0000000771200000, 0x00000007c0000000)
  eden space 38400K, 0% used [0x000000076d780000,0x000000076d780000,0x000000076fd00000)
  from space 1024K, 9% used [0x0000000771000000,0x0000000771018000,0x0000000771100000)
  to   space 1024K, 0% used [0x0000000771100000,0x0000000771100000,0x0000000771200000)
 ParOldGen       total 169472K, used 540K [0x00000006c8600000, 0x00000006d2b80000, 0x000000076d780000)
  object space 169472K, 0% used [0x00000006c8600000,0x00000006c8687060,0x00000006d2b80000)
 Metaspace       used 4099K, capacity 4832K, committed 5120K, reserved 1056768K
  class space    used 432K, capacity 464K, committed 512K, reserved 1048576K
}

Deoptimization events (1 events):
Event: 12,497 Thread 0x00007f24f0001000 Uncommon trap: reason=unstable_if action=reinterpret pc=0x00007f257d1c5b0c method=pbl.SampleListener.onFrame(Lcom/leapmotion/leap/Controller;)V @ 71

Classes redefined (0 events):
No events

Internal exceptions (9 events):
Event: 0,013 Thread 0x00007f258c00a800 Exception <a 'java/lang/NoSuchMethodError': Method sun.misc.Unsafe.defineClass(Ljava/lang/String;[BII)Ljava/lang/Class; name or signature does not match> (0x000000076d787cc0) thrown at [/build/openjdk-8-bmUZgI/openjdk-8-8u275-b01/src/hotspot/src/share/vm/
Event: 0,013 Thread 0x00007f258c00a800 Exception <a 'java/lang/NoSuchMethodError': Method sun.misc.Unsafe.prefetchRead(Ljava/lang/Object;J)V name or signature does not match> (0x000000076d787fa8) thrown at [/build/openjdk-8-bmUZgI/openjdk-8-8u275-b01/src/hotspot/src/share/vm/prims/jni.cpp, lin
Event: 0,033 Thread 0x00007f258c00a800 Exception <a 'java/util/zip/ZipException'> (0x000000076d7eb368) thrown at [/build/openjdk-8-bmUZgI/openjdk-8-8u275-b01/src/hotspot/src/share/vm/prims/jni.cpp, line 711]
Event: 0,033 Thread 0x00007f258c00a800 Exception <a 'java/security/PrivilegedActionException'> (0x000000076d7eb608) thrown at [/build/openjdk-8-bmUZgI/openjdk-8-8u275-b01/src/hotspot/src/share/vm/prims/jvm.cpp, line 1521]
Event: 0,033 Thread 0x00007f258c00a800 Exception <a 'java/security/PrivilegedActionException'> (0x000000076d7eb818) thrown at [/build/openjdk-8-bmUZgI/openjdk-8-8u275-b01/src/hotspot/src/share/vm/prims/jvm.cpp, line 1521]
Event: 0,047 Thread 0x00007f258c00a800 Exception <a 'java/security/PrivilegedActionException'> (0x000000076d839e08) thrown at [/build/openjdk-8-bmUZgI/openjdk-8-8u275-b01/src/hotspot/src/share/vm/prims/jvm.cpp, line 1521]
Event: 0,047 Thread 0x00007f258c00a800 Exception <a 'java/security/PrivilegedActionException'> (0x000000076d83a200) thrown at [/build/openjdk-8-bmUZgI/openjdk-8-8u275-b01/src/hotspot/src/share/vm/prims/jvm.cpp, line 1521]
Event: 0,047 Thread 0x00007f258c00a800 Exception <a 'java/security/PrivilegedActionException'> (0x000000076d83cb08) thrown at [/build/openjdk-8-bmUZgI/openjdk-8-8u275-b01/src/hotspot/src/share/vm/prims/jvm.cpp, line 1521]
Event: 0,047 Thread 0x00007f258c00a800 Exception <a 'java/security/PrivilegedActionException'> (0x000000076d83cf00) thrown at [/build/openjdk-8-bmUZgI/openjdk-8-8u275-b01/src/hotspot/src/share/vm/prims/jvm.cpp, line 1521]

Events (10 events):
Event: 22,899 Thread 0x00007f24f0001000 Thread exited: 0x00007f24f0001000
Event: 22,909 Thread 0x00007f24f0001000 Thread added: 0x00007f24f0001000
Event: 22,909 Thread 0x00007f24f0001000 Thread exited: 0x00007f24f0001000
Event: 22,921 Thread 0x00007f24f0001000 Thread added: 0x00007f24f0001000
Event: 22,921 Thread 0x00007f24f0001000 Thread exited: 0x00007f24f0001000
Event: 22,923 Thread 0x00007f24f0001000 Thread added: 0x00007f24f0001000
Event: 22,923 Thread 0x00007f24f0001000 Thread exited: 0x00007f24f0001000
Event: 22,929 Thread 0x00007f24f0001000 Thread added: 0x00007f24f0001000
Event: 22,929 Thread 0x00007f24f0001000 Thread exited: 0x00007f24f0001000
Event: 22,939 Thread 0x00007f24f0001000 Thread added: 0x00007f24f0001000


Dynamic libraries:
6c8600000-6d2b80000 rw-p 00000000 00:00 0 
6d2b80000-76d780000 ---p 00000000 00:00 0 
76d780000-771200000 rw-p 00000000 00:00 0 
771200000-7c0000000 ---p 00000000 00:00 0 
7c0000000-7c0080000 rw-p 00000000 00:00 0 
7c0080000-800000000 ---p 00000000 00:00 0 
55a0afa68000-55a0afa69000 r--p 00000000 08:13 18621461                   /usr/lib/jvm/java-8-openjdk-amd64/jre/bin/java
55a0afa69000-55a0afa6a000 r-xp 00001000 08:13 18621461                   /usr/lib/jvm/java-8-openjdk-amd64/jre/bin/java
55a0afa6a000-55a0afa6b000 r--p 00002000 08:13 18621461                   /usr/lib/jvm/java-8-openjdk-amd64/jre/bin/java
55a0afa6b000-55a0afa6c000 r--p 00002000 08:13 18621461                   /usr/lib/jvm/java-8-openjdk-amd64/jre/bin/java
55a0afa6c000-55a0afa6d000 rw-p 00003000 08:13 18621461                   /usr/lib/jvm/java-8-openjdk-amd64/jre/bin/java
55a0b058c000-55a0b05ad000 rw-p 00000000 00:00 0                          [heap]
7f24f0000000-7f24f00b2000 rw-p 00000000 00:00 0 
7f24f00b2000-7f24f4000000 ---p 00000000 00:00 0 
7f24f8000000-7f24f8021000 rw-p 00000000 00:00 0 
7f24f8021000-7f24fc000000 ---p 00000000 00:00 0 
7f24fc000000-7f24fc0a5000 rw-p 00000000 00:00 0 
7f24fc0a5000-7f2500000000 ---p 00000000 00:00 0 
7f2500000000-7f2500021000 rw-p 00000000 00:00 0 
7f2500021000-7f2504000000 ---p 00000000 00:00 0 
7f2504000000-7f2504179000 rw-p 00000000 00:00 0 
7f2504179000-7f2508000000 ---p 00000000 00:00 0 
7f2508000000-7f2508021000 rw-p 00000000 00:00 0 
7f2508021000-7f250c000000 ---p 00000000 00:00 0 
7f250c000000-7f250c021000 rw-p 00000000 00:00 0 
7f250c021000-7f2510000000 ---p 00000000 00:00 0 
7f2510ffa000-7f2510ffb000 ---p 00000000 00:00 0 
7f2510ffb000-7f25117fb000 rw-p 00000000 00:00 0 
7f25117fb000-7f25117fc000 ---p 00000000 00:00 0 
7f25117fc000-7f2511ffc000 rw-p 00000000 00:00 0 
7f2511ffc000-7f2511ffd000 ---p 00000000 00:00 0 
7f2511ffd000-7f25127fd000 rw-p 00000000 00:00 0 
7f25127fd000-7f25127fe000 ---p 00000000 00:00 0 
7f25127fe000-7f2512801000 ---p 00000000 00:00 0 
7f2512801000-7f2512ffe000 rw-p 00000000 00:00 0 
7f2512ffe000-7f2512fff000 ---p 00000000 00:00 0 
7f2512fff000-7f25137ff000 rw-p 00000000 00:00 0 
7f25137ff000-7f2513800000 ---p 00000000 00:00 0 
7f2513800000-7f2514000000 rw-p 00000000 00:00 0 
7f2514000000-7f2514021000 rw-p 00000000 00:00 0 
7f2514021000-7f2518000000 ---p 00000000 00:00 0 
7f2518000000-7f2518021000 rw-p 00000000 00:00 0 
7f2518021000-7f251c000000 ---p 00000000 00:00 0 
7f251c000000-7f251c021000 rw-p 00000000 00:00 0 
7f251c021000-7f2520000000 ---p 00000000 00:00 0 
7f2520000000-7f2520021000 rw-p 00000000 00:00 0 
7f2520021000-7f2524000000 ---p 00000000 00:00 0 
7f2524000000-7f252438c000 rw-p 00000000 00:00 0 
7f252438c000-7f2528000000 ---p 00000000 00:00 0 
7f2528000000-7f252817d000 rw-p 00000000 00:00 0 
7f252817d000-7f252c000000 ---p 00000000 00:00 0 
7f252c000000-7f252c05c000 rw-p 00000000 00:00 0 
7f252c05c000-7f2530000000 ---p 00000000 00:00 0 
7f2530000000-7f2530032000 rw-p 00000000 00:00 0 
7f2530032000-7f2534000000 ---p 00000000 00:00 0 
7f2534000000-7f2534021000 rw-p 00000000 00:00 0 
7f2534021000-7f2538000000 ---p 00000000 00:00 0 
7f2538554000-7f2538555000 ---p 00000000 00:00 0 
7f2538555000-7f2538d55000 rw-p 00000000 00:00 0 
7f2538d55000-7f2538d56000 ---p 00000000 00:00 0 
7f2538d56000-7f2538d59000 ---p 00000000 00:00 0 
7f2538d59000-7f2539556000 rw-p 00000000 00:00 0 
7f2539556000-7f2539557000 ---p 00000000 00:00 0 
7f2539557000-7f2539d57000 rw-p 00000000 00:00 0 
7f2539d57000-7f2539d58000 ---p 00000000 00:00 0 
7f2539d58000-7f253a558000 rw-p 00000000 00:00 0 
7f253a558000-7f253a559000 ---p 00000000 00:00 0 
7f253a559000-7f253ad59000 rw-p 00000000 00:00 0 
7f253ad59000-7f253aef2000 r-xp 00000000 08:13 16386676                   /home/eka/Documents/MU/2/PBL3 fitxeros/PBL3/LeapMotion/lib/libLeap.so
7f253aef2000-7f253b0f2000 ---p 00199000 08:13 16386676                   /home/eka/Documents/MU/2/PBL3 fitxeros/PBL3/LeapMotion/lib/libLeap.so
7f253b0f2000-7f253b0fd000 r--p 00199000 08:13 16386676                   /home/eka/Documents/MU/2/PBL3 fitxeros/PBL3/LeapMotion/lib/libLeap.so
7f253b0fd000-7f253b0ff000 rw-p 001a4000 08:13 16386676                   /home/eka/Documents/MU/2/PBL3 fitxeros/PBL3/LeapMotion/lib/libLeap.so
7f253b0ff000-7f253b101000 rw-p 00000000 00:00 0 
7f253b101000-7f253c000000 r--p 00000000 08:13 18746921                   /usr/lib/locale/locale-archive
7f253c000000-7f253c021000 rw-p 00000000 00:00 0 
7f253c021000-7f2540000000 ---p 00000000 00:00 0 
7f2540000000-7f254002d000 rw-p 00000000 00:00 0 
7f254002d000-7f2544000000 ---p 00000000 00:00 0 
7f2544000000-7f2544021000 rw-p 00000000 00:00 0 
7f2544021000-7f2548000000 ---p 00000000 00:00 0 
7f25481fb000-7f254822f000 r-xp 00000000 08:13 16386692                   /home/eka/Documents/MU/2/PBL3 fitxeros/PBL3/LeapMotion/lib/libLeapJava.so
7f254822f000-7f254842e000 ---p 00034000 08:13 16386692                   /home/eka/Documents/MU/2/PBL3 fitxeros/PBL3/LeapMotion/lib/libLeapJava.so
7f254842e000-7f254842f000 r--p 00033000 08:13 16386692                   /home/eka/Documents/MU/2/PBL3 fitxeros/PBL3/LeapMotion/lib/libLeapJava.so
7f254842f000-7f2548430000 rw-p 00034000 08:13 16386692                   /home/eka/Documents/MU/2/PBL3 fitxeros/PBL3/LeapMotion/lib/libLeapJava.so
7f2548430000-7f2550000000 rw-p 00000000 00:00 0 
7f2550000000-7f2550021000 rw-p 00000000 00:00 0 
7f2550021000-7f2554000000 ---p 00000000 00:00 0 
7f2554000000-7f2554021000 rw-p 00000000 00:00 0 
7f2554021000-7f2558000000 ---p 00000000 00:00 0 
7f2558000000-7f2558021000 rw-p 00000000 00:00 0 
7f2558021000-7f255c000000 ---p 00000000 00:00 0 
7f255c233000-7f255c236000 ---p 00000000 00:00 0 
7f255c236000-7f255c334000 rw-p 00000000 00:00 0 
7f255c334000-7f255c337000 r-xp 00000000 08:13 786581                     /home/eka/.jssc/linux/libjSSC-2.8_x86_64.so
7f255c337000-7f255c536000 ---p 00003000 08:13 786581                     /home/eka/.jssc/linux/libjSSC-2.8_x86_64.so
7f255c536000-7f255c537000 r--p 00002000 08:13 786581                     /home/eka/.jssc/linux/libjSSC-2.8_x86_64.so
7f255c537000-7f255c538000 rw-p 00003000 08:13 786581                     /home/eka/.jssc/linux/libjSSC-2.8_x86_64.so
7f255c538000-7f255c569000 rw-p 00000000 00:00 0 
7f255c569000-7f255c56e000 r--p 00000000 08:13 18621499                   /usr/lib/jvm/java-8-openjdk-amd64/jre/lib/amd64/libnet.so
7f255c56e000-7f255c57f000 r-xp 00005000 08:13 18621499                   /usr/lib/jvm/java-8-openjdk-amd64/jre/lib/amd64/libnet.so
7f255c57f000-7f255c583000 r--p 00016000 08:13 18621499                   /usr/lib/jvm/java-8-openjdk-amd64/jre/lib/amd64/libnet.so
7f255c583000-7f255c584000 r--p 00019000 08:13 18621499                   /usr/lib/jvm/java-8-openjdk-amd64/jre/lib/amd64/libnet.so
7f255c584000-7f255c585000 rw-p 0001a000 08:13 18621499                   /usr/lib/jvm/java-8-openjdk-amd64/jre/lib/amd64/libnet.so
7f255c585000-7f255c58c000 r--p 00000000 08:13 18621500                   /usr/lib/jvm/java-8-openjdk-amd64/jre/lib/amd64/libnio.so
7f255c58c000-7f255c595000 r-xp 00007000 08:13 18621500                   /usr/lib/jvm/java-8-openjdk-amd64/jre/lib/amd64/libnio.so
7f255c595000-7f255c598000 r--p 00010000 08:13 18621500                   /usr/lib/jvm/java-8-openjdk-amd64/jre/lib/amd64/libnio.so
7f255c598000-7f255c599000 r--p 00012000 08:13 18621500                   /usr/lib/jvm/java-8-openjdk-amd64/jre/lib/amd64/libnio.so
7f255c599000-7f255c59a000 rw-p 00013000 08:13 18621500                   /usr/lib/jvm/java-8-openjdk-amd64/jre/lib/amd64/libnio.so
7f255c59a000-7f255c5b5000 r--s 001d6000 08:13 18621526                   /usr/lib/jvm/java-8-openjdk-amd64/jre/lib/ext/nashorn.jar
7f255c5b5000-7f255c5d0000 r--s 00394000 08:13 18621521                   /usr/lib/jvm/java-8-openjdk-amd64/jre/lib/ext/cldrdata.jar
7f255c5d0000-7f255c5d1000 ---p 00000000 00:00 0 
7f255c5d1000-7f255c6d1000 rw-p 00000000 00:00 0 
7f255c6d1000-7f255c6d4000 ---p 00000000 00:00 0 
7f255c6d4000-7f255c7d2000 rw-p 00000000 00:00 0 
7f255c7d2000-7f255c7d3000 ---p 00000000 00:00 0 
7f255c7d3000-7f255c7d6000 ---p 00000000 00:00 0 
7f255c7d6000-7f255c8d3000 rw-p 00000000 00:00 0 
7f255c8d3000-7f255c8d4000 ---p 00000000 00:00 0 
7f255c8d4000-7f255c8d7000 ---p 00000000 00:00 0 
7f255c8d7000-7f255c9d4000 rw-p 00000000 00:00 0 
7f255c9d4000-7f255c9d5000 ---p 00000000 00:00 0 
7f255c9d5000-7f255c9d8000 ---p 00000000 00:00 0 
7f255c9d8000-7f255cad5000 rw-p 00000000 00:00 0 
7f255cad5000-7f255cad6000 ---p 00000000 00:00 0 
7f255cad6000-7f255cad9000 ---p 00000000 00:00 0 
7f255cad9000-7f255cbd6000 rw-p 00000000 00:00 0 
7f255cbd6000-7f255cbd9000 ---p 00000000 00:00 0 
7f255cbd9000-7f255ccd7000 rw-p 00000000 00:00 0 
7f255ccd7000-7f255ccda000 ---p 00000000 00:00 0 
7f255ccda000-7f255cdd8000 rw-p 00000000 00:00 0 
7f255cdd8000-7f255cddb000 ---p 00000000 00:00 0 
7f255cddb000-7f255ced9000 rw-p 00000000 00:00 0 
7f255ced9000-7f255ceda000 ---p 00000000 00:00 0 
7f255ceda000-7f255f4c3000 rw-p 00000000 00:00 0 
7f255f4c3000-7f255f843000 ---p 00000000 00:00 0 
7f255f843000-7f2560000000 rw-p 00000000 00:00 0 
7f2560000000-7f2560021000 rw-p 00000000 00:00 0 
7f2560021000-7f2564000000 ---p 00000000 00:00 0 
7f2564000000-7f2564021000 rw-p 00000000 00:00 0 
7f2564021000-7f2568000000 ---p 00000000 00:00 0 
7f2568000000-7f2568021000 rw-p 00000000 00:00 0 
7f2568021000-7f256c000000 ---p 00000000 00:00 0 
7f256c000000-7f256c021000 rw-p 00000000 00:00 0 
7f256c021000-7f2570000000 ---p 00000000 00:00 0 
7f2570000000-7f2570021000 rw-p 00000000 00:00 0 
7f2570021000-7f2574000000 ---p 00000000 00:00 0 
7f2574000000-7f2574021000 rw-p 00000000 00:00 0 
7f2574021000-7f2578000000 ---p 00000000 00:00 0 
7f2578000000-7f2578021000 rw-p 00000000 00:00 0 
7f2578021000-7f257c000000 ---p 00000000 00:00 0 
7f257c00d000-7f257c00f000 r--s 00024000 08:13 16386901                   /home/eka/Documents/MU/2/PBL3 fitxeros/PBL3/LeapMotion/jssc.jar
7f257c00f000-7f257c011000 r--s 00011000 08:13 16386683                   /home/eka/Documents/MU/2/PBL3 fitxeros/PBL3/LeapMotion/LeapJava.jar
7f257c011000-7f257c013000 r--s 0000c000 08:13 20582191                   /usr/share/java/java-atk-wrapper.jar
7f257c013000-7f257c019000 r--s 0003d000 08:13 18621528                   /usr/lib/jvm/java-8-openjdk-amd64/jre/lib/ext/sunjce_provider.jar
7f257c019000-7f257c28a000 rw-p 00000000 00:00 0 
7f257c28a000-7f257c45b000 r--s 03c94000 08:13 18621554                   /usr/lib/jvm/java-8-openjdk-amd64/jre/lib/rt.jar
7f257c45b000-7f257c4d1000 rw-p 00000000 00:00 0 
7f257c4d1000-7f257c4d2000 ---p 00000000 00:00 0 
7f257c4d2000-7f257c5d2000 rw-p 00000000 00:00 0 
7f257c5d2000-7f257c5d3000 ---p 00000000 00:00 0 
7f257c5d3000-7f257c6d3000 rw-p 00000000 00:00 0 
7f257c6d3000-7f257c6d4000 ---p 00000000 00:00 0 
7f257c6d4000-7f257c7d4000 rw-p 00000000 00:00 0 
7f257c7d4000-7f257c7d5000 ---p 00000000 00:00 0 
7f257c7d5000-7f257c8d5000 rw-p 00000000 00:00 0 
7f257c8d5000-7f257c8d6000 ---p 00000000 00:00 0 
7f257c8d6000-7f257c9d6000 rw-p 00000000 00:00 0 
7f257c9d6000-7f257c9d7000 ---p 00000000 00:00 0 
7f257c9d7000-7f257cb2a000 rw-p 00000000 00:00 0 
7f257cb2a000-7f257d000000 ---p 00000000 00:00 0 
7f257d000000-7f257d270000 rwxp 00000000 00:00 0 
7f257d270000-7f258c000000 ---p 00000000 00:00 0 
7f258c000000-7f258c23c000 rw-p 00000000 00:00 0 
7f258c23c000-7f2590000000 ---p 00000000 00:00 0 
7f2590000000-7f2590004000 r--s 00040000 08:13 18621529                   /usr/lib/jvm/java-8-openjdk-amd64/jre/lib/ext/sunpkcs11.jar
7f2590004000-7f2590006000 r--s 00010000 08:13 18621530                   /usr/lib/jvm/java-8-openjdk-amd64/jre/lib/ext/zipfs.jar
7f2590006000-7f2590010000 r--s 00117000 08:13 18621525                   /usr/lib/jvm/java-8-openjdk-amd64/jre/lib/ext/localedata.jar
7f2590010000-7f2590016000 r--s 000d3000 08:13 18621547                   /usr/lib/jvm/java-8-openjdk-amd64/jre/lib/jfr.jar
7f2590016000-7f25900e7000 rw-p 00000000 00:00 0 
7f25900e7000-7f25900e8000 ---p 00000000 00:00 0 
7f25900e8000-7f25901e8000 rw-p 00000000 00:00 0 
7f25901e8000-7f25901e9000 ---p 00000000 00:00 0 
7f25901e9000-7f25902e9000 rw-p 00000000 00:00 0 
7f25902e9000-7f25902ea000 ---p 00000000 00:00 0 
7f25902ea000-7f25903ea000 rw-p 00000000 00:00 0 
7f25903ea000-7f25903eb000 ---p 00000000 00:00 0 
7f25903eb000-7f259053e000 rw-p 00000000 00:00 0 
7f259053e000-7f2590a13000 ---p 00000000 00:00 0 
7f2590a13000-7f2590a31000 rw-p 00000000 00:00 0 
7f2590a31000-7f2590ca8000 ---p 00000000 00:00 0 
7f2590ca8000-7f2590cb3000 rw-p 00000000 00:00 0 
7f2590cb3000-7f2591069000 ---p 00000000 00:00 0 
7f2591069000-7f259106c000 r--p 00000000 08:13 19270588                   /usr/lib/x86_64-linux-gnu/libnss_files-2.32.so
7f259106c000-7f2591074000 r-xp 00003000 08:13 19270588                   /usr/lib/x86_64-linux-gnu/libnss_files-2.32.so
7f2591074000-7f2591076000 r--p 0000b000 08:13 19270588                   /usr/lib/x86_64-linux-gnu/libnss_files-2.32.so
7f2591076000-7f2591077000 r--p 0000c000 08:13 19270588                   /usr/lib/x86_64-linux-gnu/libnss_files-2.32.so
7f2591077000-7f2591078000 rw-p 0000d000 08:13 19270588                   /usr/lib/x86_64-linux-gnu/libnss_files-2.32.so
7f2591078000-7f259107e000 rw-p 00000000 00:00 0 
7f259107e000-7f259107f000 r--s 0000a000 08:13 18621524                   /usr/lib/jvm/java-8-openjdk-amd64/jre/lib/ext/jaccess.jar
7f259107f000-7f2591081000 r--s 00001000 08:13 18621522                   /usr/lib/jvm/java-8-openjdk-amd64/jre/lib/ext/dnsns.jar
7f2591081000-7f2591082000 r--s 0000d000 08:13 18621527                   /usr/lib/jvm/java-8-openjdk-amd64/jre/lib/ext/sunec.jar
7f2591082000-7f2591085000 r--p 00000000 08:13 18621507                   /usr/lib/jvm/java-8-openjdk-amd64/jre/lib/amd64/libzip.so
7f2591085000-7f259108a000 r-xp 00003000 08:13 18621507                   /usr/lib/jvm/java-8-openjdk-amd64/jre/lib/amd64/libzip.so
7f259108a000-7f259108c000 r--p 00008000 08:13 18621507                   /usr/lib/jvm/java-8-openjdk-amd64/jre/lib/amd64/libzip.so
7f259108c000-7f259108d000 r--p 00009000 08:13 18621507                   /usr/lib/jvm/java-8-openjdk-amd64/jre/lib/amd64/libzip.so
7f259108d000-7f259108e000 rw-p 0000a000 08:13 18621507                   /usr/lib/jvm/java-8-openjdk-amd64/jre/lib/amd64/libzip.so
7f259108e000-7f2591096000 rw-s 00000000 08:13 19662570                   /tmp/hsperfdata_eka/6527
7f2591096000-7f25910a3000 r--p 00000000 08:13 18621488                   /usr/lib/jvm/java-8-openjdk-amd64/jre/lib/amd64/libjava.so
7f25910a3000-7f25910bb000 r-xp 0000d000 08:13 18621488                   /usr/lib/jvm/java-8-openjdk-amd64/jre/lib/amd64/libjava.so
7f25910bb000-7f25910c2000 r--p 00025000 08:13 18621488                   /usr/lib/jvm/java-8-openjdk-amd64/jre/lib/amd64/libjava.so
7f25910c2000-7f25910c3000 r--p 0002b000 08:13 18621488                   /usr/lib/jvm/java-8-openjdk-amd64/jre/lib/amd64/libjava.so
7f25910c3000-7f25910c5000 rw-p 0002c000 08:13 18621488                   /usr/lib/jvm/java-8-openjdk-amd64/jre/lib/amd64/libjava.so
7f25910c5000-7f25910c8000 r--p 00000000 08:13 19270895                   /usr/lib/x86_64-linux-gnu/librt-2.32.so
7f25910c8000-7f25910cc000 r-xp 00003000 08:13 19270895                   /usr/lib/x86_64-linux-gnu/librt-2.32.so
7f25910cc000-7f25910ce000 r--p 00007000 08:13 19270895                   /usr/lib/x86_64-linux-gnu/librt-2.32.so
7f25910ce000-7f25910cf000 r--p 00008000 08:13 19270895                   /usr/lib/x86_64-linux-gnu/librt-2.32.so
7f25910cf000-7f25910d0000 rw-p 00009000 08:13 19270895                   /usr/lib/x86_64-linux-gnu/librt-2.32.so
7f25910d0000-7f25910d1000 ---p 00000000 00:00 0 
7f25910d1000-7f25910d4000 ---p 00000000 00:00 0 
7f25910d4000-7f25911d1000 rw-p 00000000 00:00 0 
7f25911d1000-7f25911d4000 r--p 00000000 08:13 19269963                   /usr/lib/x86_64-linux-gnu/libgcc_s.so.1
7f25911d4000-7f25911e6000 r-xp 00003000 08:13 19269963                   /usr/lib/x86_64-linux-gnu/libgcc_s.so.1
7f25911e6000-7f25911ea000 r--p 00015000 08:13 19269963                   /usr/lib/x86_64-linux-gnu/libgcc_s.so.1
7f25911ea000-7f25911eb000 r--p 00018000 08:13 19269963                   /usr/lib/x86_64-linux-gnu/libgcc_s.so.1
7f25911eb000-7f25911ec000 rw-p 00019000 08:13 19269963                   /usr/lib/x86_64-linux-gnu/libgcc_s.so.1
7f25911ec000-7f25911fb000 r--p 00000000 08:13 19270453                   /usr/lib/x86_64-linux-gnu/libm-2.32.so
7f25911fb000-7f25912a2000 r-xp 0000f000 08:13 19270453                   /usr/lib/x86_64-linux-gnu/libm-2.32.so
7f25912a2000-7f2591339000 r--p 000b6000 08:13 19270453                   /usr/lib/x86_64-linux-gnu/libm-2.32.so
7f2591339000-7f259133a000 r--p 0014c000 08:13 19270453                   /usr/lib/x86_64-linux-gnu/libm-2.32.so
7f259133a000-7f259133b000 rw-p 0014d000 08:13 19270453                   /usr/lib/x86_64-linux-gnu/libm-2.32.so
7f259133b000-7f25913d1000 r--p 00000000 08:13 19270996                   /usr/lib/x86_64-linux-gnu/libstdc++.so.6.0.28
7f25913d1000-7f25914c1000 r-xp 00096000 08:13 19270996                   /usr/lib/x86_64-linux-gnu/libstdc++.so.6.0.28
7f25914c1000-7f259150a000 r--p 00186000 08:13 19270996                   /usr/lib/x86_64-linux-gnu/libstdc++.so.6.0.28
7f259150a000-7f259150b000 ---p 001cf000 08:13 19270996                   /usr/lib/x86_64-linux-gnu/libstdc++.so.6.0.28
7f259150b000-7f2591516000 r--p 001cf000 08:13 19270996                   /usr/lib/x86_64-linux-gnu/libstdc++.so.6.0.28
7f2591516000-7f2591519000 rw-p 001da000 08:13 19270996                   /usr/lib/x86_64-linux-gnu/libstdc++.so.6.0.28
7f2591519000-7f259151c000 rw-p 00000000 00:00 0 
7f259151c000-7f2591711000 r--p 00000000 08:13 18621510                   /usr/lib/jvm/java-8-openjdk-amd64/jre/lib/amd64/server/libjvm.so
7f2591711000-7f2592077000 r-xp 001f5000 08:13 18621510                   /usr/lib/jvm/java-8-openjdk-amd64/jre/lib/amd64/server/libjvm.so
7f2592077000-7f2592228000 r--p 00b5b000 08:13 18621510                   /usr/lib/jvm/java-8-openjdk-amd64/jre/lib/amd64/server/libjvm.so
7f2592228000-7f25922be000 r--p 00d0b000 08:13 18621510                   /usr/lib/jvm/java-8-openjdk-amd64/jre/lib/amd64/server/libjvm.so
7f25922be000-7f25922e7000 rw-p 00da1000 08:13 18621510                   /usr/lib/jvm/java-8-openjdk-amd64/jre/lib/amd64/server/libjvm.so
7f25922e7000-7f259231c000 rw-p 00000000 00:00 0 
7f259231c000-7f2592323000 r--p 00000000 08:13 19270840                   /usr/lib/x86_64-linux-gnu/libpthread-2.32.so
7f2592323000-7f2592333000 r-xp 00007000 08:13 19270840                   /usr/lib/x86_64-linux-gnu/libpthread-2.32.so
7f2592333000-7f2592338000 r--p 00017000 08:13 19270840                   /usr/lib/x86_64-linux-gnu/libpthread-2.32.so
7f2592338000-7f2592339000 r--p 0001b000 08:13 19270840                   /usr/lib/x86_64-linux-gnu/libpthread-2.32.so
7f2592339000-7f259233a000 rw-p 0001c000 08:13 19270840                   /usr/lib/x86_64-linux-gnu/libpthread-2.32.so
7f259233a000-7f259233e000 rw-p 00000000 00:00 0 
7f259233e000-7f259233f000 r--p 00000000 08:13 19269800                   /usr/lib/x86_64-linux-gnu/libdl-2.32.so
7f259233f000-7f2592341000 r-xp 00001000 08:13 19269800                   /usr/lib/x86_64-linux-gnu/libdl-2.32.so
7f2592341000-7f2592342000 r--p 00003000 08:13 19269800                   /usr/lib/x86_64-linux-gnu/libdl-2.32.so
7f2592342000-7f2592343000 r--p 00003000 08:13 19269800                   /usr/lib/x86_64-linux-gnu/libdl-2.32.so
7f2592343000-7f2592344000 rw-p 00004000 08:13 19269800                   /usr/lib/x86_64-linux-gnu/libdl-2.32.so
7f2592344000-7f2592346000 r--p 00000000 08:13 19271309                   /usr/lib/x86_64-linux-gnu/libz.so.1.2.11
7f2592346000-7f2592358000 r-xp 00002000 08:13 19271309                   /usr/lib/x86_64-linux-gnu/libz.so.1.2.11
7f2592358000-7f259235f000 r--p 00014000 08:13 19271309                   /usr/lib/x86_64-linux-gnu/libz.so.1.2.11
7f259235f000-7f2592360000 r--p 0001a000 08:13 19271309                   /usr/lib/x86_64-linux-gnu/libz.so.1.2.11
7f2592360000-7f2592361000 rw-p 0001b000 08:13 19271309                   /usr/lib/x86_64-linux-gnu/libz.so.1.2.11
7f2592361000-7f2592387000 r--p 00000000 08:13 19269641                   /usr/lib/x86_64-linux-gnu/libc-2.32.so
7f2592387000-7f25924f4000 r-xp 00026000 08:13 19269641                   /usr/lib/x86_64-linux-gnu/libc-2.32.so
7f25924f4000-7f2592540000 r--p 00193000 08:13 19269641                   /usr/lib/x86_64-linux-gnu/libc-2.32.so
7f2592540000-7f2592541000 ---p 001df000 08:13 19269641                   /usr/lib/x86_64-linux-gnu/libc-2.32.so
7f2592541000-7f2592544000 r--p 001df000 08:13 19269641                   /usr/lib/x86_64-linux-gnu/libc-2.32.so
7f2592544000-7f2592547000 rw-p 001e2000 08:13 19269641                   /usr/lib/x86_64-linux-gnu/libc-2.32.so
7f2592547000-7f259254b000 rw-p 00000000 00:00 0 
7f259254b000-7f259254e000 r--s 0000f000 08:13 18621523                   /usr/lib/jvm/java-8-openjdk-amd64/jre/lib/ext/icedtea-sound.jar
7f259254e000-7f259254f000 rw-p 00000000 00:00 0 
7f259254f000-7f2592550000 r--p 00000000 00:00 0 
7f2592550000-7f2592555000 r--p 00000000 08:13 18621506                   /usr/lib/jvm/java-8-openjdk-amd64/jre/lib/amd64/libverify.so
7f2592555000-7f259255e000 r-xp 00005000 08:13 18621506                   /usr/lib/jvm/java-8-openjdk-amd64/jre/lib/amd64/libverify.so
7f259255e000-7f2592560000 r--p 0000e000 08:13 18621506                   /usr/lib/jvm/java-8-openjdk-amd64/jre/lib/amd64/libverify.so
7f2592560000-7f2592562000 r--p 0000f000 08:13 18621506                   /usr/lib/jvm/java-8-openjdk-amd64/jre/lib/amd64/libverify.so
7f2592562000-7f2592563000 rw-p 00011000 08:13 18621506                   /usr/lib/jvm/java-8-openjdk-amd64/jre/lib/amd64/libverify.so
7f2592563000-7f2592566000 r--p 00000000 08:13 18621474                   /usr/lib/jvm/java-8-openjdk-amd64/jre/lib/amd64/jli/libjli.so
7f2592566000-7f2592570000 r-xp 00003000 08:13 18621474                   /usr/lib/jvm/java-8-openjdk-amd64/jre/lib/amd64/jli/libjli.so
7f2592570000-7f2592573000 r--p 0000d000 08:13 18621474                   /usr/lib/jvm/java-8-openjdk-amd64/jre/lib/amd64/jli/libjli.so
7f2592573000-7f2592574000 r--p 0000f000 08:13 18621474                   /usr/lib/jvm/java-8-openjdk-amd64/jre/lib/amd64/jli/libjli.so
7f2592574000-7f2592575000 rw-p 00010000 08:13 18621474                   /usr/lib/jvm/java-8-openjdk-amd64/jre/lib/amd64/jli/libjli.so
7f2592575000-7f2592577000 rw-p 00000000 00:00 0 
7f2592577000-7f2592578000 r--p 00000000 08:13 19269239                   /usr/lib/x86_64-linux-gnu/ld-2.32.so
7f2592578000-7f259259c000 r-xp 00001000 08:13 19269239                   /usr/lib/x86_64-linux-gnu/ld-2.32.so
7f259259c000-7f25925a5000 r--p 00025000 08:13 19269239                   /usr/lib/x86_64-linux-gnu/ld-2.32.so
7f25925a5000-7f25925a6000 r--p 0002d000 08:13 19269239                   /usr/lib/x86_64-linux-gnu/ld-2.32.so
7f25925a6000-7f25925a8000 rw-p 0002e000 08:13 19269239                   /usr/lib/x86_64-linux-gnu/ld-2.32.so
7ffe8d030000-7ffe8d051000 rw-p 00000000 00:00 0                          [stack]
7ffe8d16b000-7ffe8d16f000 r--p 00000000 00:00 0                          [vvar]
7ffe8d16f000-7ffe8d171000 r-xp 00000000 00:00 0                          [vdso]
ffffffffff600000-ffffffffff601000 --xp 00000000 00:00 0                  [vsyscall]

VM Arguments:
jvm_args: -Djava.library.path=/home/eka/Documents/MU/2/PBL3 fitxeros/PBL3/LeapMotion/lib -Dfile.encoding=UTF-8 
java_command: pbl.Principal
java_class_path (initial): /home/eka/Documents/MU/2/PBL3 fitxeros/PBL3/LeapMotion/bin:/home/eka/Documents/MU/2/PBL3 fitxeros/PBL3/LeapMotion/LeapJava.jar:/home/eka/Documents/MU/2/PBL3 fitxeros/PBL3/LeapMotion/jssc.jar
Launcher Type: SUN_STANDARD

Environment Variables:
PATH=/home/eka/.local/bin:/home/eka/.local/bin:/usr/local/sbin:/usr/local/bin:/usr/sbin:/usr/bin:/sbin:/bin:/usr/games:/usr/local/games:/snap/bin
USERNAME=eka
SHELL=/bin/bash
DISPLAY=:1

Signal Handlers:
SIGSEGV: [libjvm.so+0xb34620], sa_mask[0]=11111111011111111101111111111110, sa_flags=SA_RESTART|SA_SIGINFO
SIGBUS: [libjvm.so+0xb34620], sa_mask[0]=11111111011111111101111111111110, sa_flags=SA_RESTART|SA_SIGINFO
SIGFPE: [libjvm.so+0x979be0], sa_mask[0]=11111111011111111101111111111110, sa_flags=SA_RESTART|SA_SIGINFO
SIGPIPE: [libjvm.so+0x979be0], sa_mask[0]=11111111011111111101111111111110, sa_flags=SA_RESTART|SA_SIGINFO
SIGXFSZ: [libjvm.so+0x979be0], sa_mask[0]=11111111011111111101111111111110, sa_flags=SA_RESTART|SA_SIGINFO
SIGILL: [libjvm.so+0x979be0], sa_mask[0]=11111111011111111101111111111110, sa_flags=SA_RESTART|SA_SIGINFO
SIGUSR1: SIG_DFL, sa_mask[0]=00000000000000000000000000000000, sa_flags=none
SIGUSR2: [libjvm.so+0x979a90], sa_mask[0]=00100000000000000000000000000000, sa_flags=SA_RESTART|SA_SIGINFO
SIGHUP: [libjvm.so+0x979e60], sa_mask[0]=11111111011111111101111111111110, sa_flags=SA_RESTART|SA_SIGINFO
SIGINT: [libjvm.so+0x979e60], sa_mask[0]=11111111011111111101111111111110, sa_flags=SA_RESTART|SA_SIGINFO
SIGTERM: [libjvm.so+0x979e60], sa_mask[0]=11111111011111111101111111111110, sa_flags=SA_RESTART|SA_SIGINFO
SIGQUIT: [libjvm.so+0x979e60], sa_mask[0]=11111111011111111101111111111110, sa_flags=SA_RESTART|SA_SIGINFO


---------------  S Y S T E M  ---------------

OS:DISTRIB_ID=Pop
DISTRIB_RELEASE=20.10
DISTRIB_CODENAME=groovy
DISTRIB_DESCRIPTION="Pop!_OS 20.10"

uname:Linux 5.8.0-7630-generic #32~1609193707~20.10~781bb80-Ubuntu SMP Tue Jan 5 21:29:56 UTC 2 x86_64
libc:glibc 2.32 NPTL 2.32 
rlimit: STACK 8192k, CORE 0k, NPROC 63013, NOFILE 1048576, AS infinity
load average:1,76 1,49 1,17

/proc/meminfo:
MemTotal:       16228168 kB
MemFree:        11294968 kB
MemAvailable:   12763604 kB
Buffers:           59972 kB
Cached:          1633240 kB
SwapCached:            0 kB
Active:          3421956 kB
Inactive:        1001968 kB
Active(anon):    2723476 kB
Inactive(anon):    36472 kB
Active(file):     698480 kB
Inactive(file):   965496 kB
Unevictable:         768 kB
Mlocked:              64 kB
SwapTotal:       8388088 kB
SwapFree:        8388088 kB
Dirty:                24 kB
Writeback:             0 kB
AnonPages:       2731572 kB
Mapped:           739192 kB
Shmem:             38568 kB
KReclaimable:     122484 kB
Slab:             294816 kB
SReclaimable:     122484 kB
SUnreclaim:       172332 kB
KernelStack:       16000 kB
PageTables:        27260 kB
NFS_Unstable:          0 kB
Bounce:                0 kB
WritebackTmp:          0 kB
CommitLimit:    16502172 kB
Committed_AS:    7842900 kB
VmallocTotal:   34359738367 kB
VmallocUsed:       69056 kB
VmallocChunk:          0 kB
Percpu:            10880 kB
HardwareCorrupted:     0 kB
AnonHugePages:         0 kB
ShmemHugePages:        0 kB
ShmemPmdMapped:        0 kB
FileHugePages:         0 kB
FilePmdMapped:         0 kB
HugePages_Total:       0
HugePages_Free:        0
HugePages_Rsvd:        0
HugePages_Surp:        0
Hugepagesize:       2048 kB
Hugetlb:               0 kB
DirectMap4k:      412412 kB
DirectMap2M:     7813120 kB
DirectMap1G:     8388608 kB

container (cgroup) information:
container_type: cgroupv1
cpu_cpuset_cpus: 0-11
cpu_memory_nodes: 0
active_processor_count: 12
cpu_quota: -1
cpu_period: 100000
cpu_shares: -1
memory_limit_in_bytes: -1
memory_and_swap_limit_in_bytes: -1
memory_soft_limit_in_bytes: -1
memory_usage_in_bytes: 3656904704
memory_max_usage_in_bytes: 3700723712


CPU:total 12 (initial active 12) (6 cores per cpu, 2 threads per core) family 6 model 158 stepping 10, cmov, cx8, fxsr, mmx, sse, sse2, sse3, ssse3, sse4.1, sse4.2, popcnt, avx, avx2, aes, clmul, erms, 3dnowpref, lzcnt, ht, tsc, tscinvbit, bmi1, bmi2, adx

/proc/cpuinfo:
processor	: 0
vendor_id	: GenuineIntel
cpu family	: 6
model		: 158
model name	: Intel(R) Core(TM) i7-8750H CPU @ 2.20GHz
stepping	: 10
microcode	: 0xde
cpu MHz		: 4000.014
cache size	: 9216 KB
physical id	: 0
siblings	: 12
core id		: 0
cpu cores	: 6
apicid		: 0
initial apicid	: 0
fpu		: yes
fpu_exception	: yes
cpuid level	: 22
wp		: yes
flags		: fpu vme de pse tsc msr pae mce cx8 apic sep mtrr pge mca cmov pat pse36 clflush dts acpi mmx fxsr sse sse2 ss ht tm pbe syscall nx pdpe1gb rdtscp lm constant_tsc art arch_perfmon pebs bts rep_good nopl xtopology nonstop_tsc cpuid aperfmperf pni pclmulqdq dtes64 monitor ds_cpl vmx est tm2 ssse3 sdbg fma cx16 xtpr pdcm pcid sse4_1 sse4_2 x2apic movbe popcnt tsc_deadline_timer aes xsave avx f16c rdrand lahf_lm abm 3dnowprefetch cpuid_fault epb invpcid_single pti ssbd ibrs ibpb stibp tpr_shadow vnmi flexpriority ept vpid ept_ad fsgsbase tsc_adjust bmi1 avx2 smep bmi2 erms invpcid mpx rdseed adx smap clflushopt intel_pt xsaveopt xsavec xgetbv1 xsaves dtherm ida arat pln pts hwp hwp_notify hwp_act_window hwp_epp md_clear flush_l1d
vmx flags	: vnmi preemption_timer invvpid ept_x_only ept_ad ept_1gb flexpriority tsc_offset vtpr mtf vapic ept vpid unrestricted_guest ple pml ept_mode_based_exec
bugs		: cpu_meltdown spectre_v1 spectre_v2 spec_store_bypass l1tf mds swapgs itlb_multihit srbds
bogomips	: 4399.99
clflush size	: 64
cache_alignment	: 64
address sizes	: 39 bits physical, 48 bits virtual
power management:

processor	: 1
vendor_id	: GenuineIntel
cpu family	: 6
model		: 158
model name	: Intel(R) Core(TM) i7-8750H CPU @ 2.20GHz
stepping	: 10
microcode	: 0xde
cpu MHz		: 3960.419
cache size	: 9216 KB
physical id	: 0
siblings	: 12
core id		: 1
cpu cores	: 6
apicid		: 2
initial apicid	: 2
fpu		: yes
fpu_exception	: yes
cpuid level	: 22
wp		: yes
flags		: fpu vme de pse tsc msr pae mce cx8 apic sep mtrr pge mca cmov pat pse36 clflush dts acpi mmx fxsr sse sse2 ss ht tm pbe syscall nx pdpe1gb rdtscp lm constant_tsc art arch_perfmon pebs bts rep_good nopl xtopology nonstop_tsc cpuid aperfmperf pni pclmulqdq dtes64 monitor ds_cpl vmx est tm2 ssse3 sdbg fma cx16 xtpr pdcm pcid sse4_1 sse4_2 x2apic movbe popcnt tsc_deadline_timer aes xsave avx f16c rdrand lahf_lm abm 3dnowprefetch cpuid_fault epb invpcid_single pti ssbd ibrs ibpb stibp tpr_shadow vnmi flexpriority ept vpid ept_ad fsgsbase tsc_adjust bmi1 avx2 smep bmi2 erms invpcid mpx rdseed adx smap clflushopt intel_pt xsaveopt xsavec xgetbv1 xsaves dtherm ida arat pln pts hwp hwp_notify hwp_act_window hwp_epp md_clear flush_l1d
vmx flags	: vnmi preemption_timer invvpid ept_x_only ept_ad ept_1gb flexpriority tsc_offset vtpr mtf vapic ept vpid unrestricted_guest ple pml ept_mode_based_exec
bugs		: cpu_meltdown spectre_v1 spectre_v2 spec_store_bypass l1tf mds swapgs itlb_multihit srbds
bogomips	: 4399.99
clflush size	: 64
cache_alignment	: 64
address sizes	: 39 bits physical, 48 bits virtual
power management:

processor	: 2
vendor_id	: GenuineIntel
cpu family	: 6
model		: 158
model name	: Intel(R) Core(TM) i7-8750H CPU @ 2.20GHz
stepping	: 10
microcode	: 0xde
cpu MHz		: 3998.429
cache size	: 9216 KB
physical id	: 0
siblings	: 12
core id		: 2
cpu cores	: 6
apicid		: 4
initial apicid	: 4
fpu		: yes
fpu_exception	: yes
cpuid level	: 22
wp		: yes
flags		: fpu vme de pse tsc msr pae mce cx8 apic sep mtrr pge mca cmov pat pse36 clflush dts acpi mmx fxsr sse sse2 ss ht tm pbe syscall nx pdpe1gb rdtscp lm constant_tsc art arch_perfmon pebs bts rep_good nopl xtopology nonstop_tsc cpuid aperfmperf pni pclmulqdq dtes64 monitor ds_cpl vmx est tm2 ssse3 sdbg fma cx16 xtpr pdcm pcid sse4_1 sse4_2 x2apic movbe popcnt tsc_deadline_timer aes xsave avx f16c rdrand lahf_lm abm 3dnowprefetch cpuid_fault epb invpcid_single pti ssbd ibrs ibpb stibp tpr_shadow vnmi flexpriority ept vpid ept_ad fsgsbase tsc_adjust bmi1 avx2 smep bmi2 erms invpcid mpx rdseed adx smap clflushopt intel_pt xsaveopt xsavec xgetbv1 xsaves dtherm ida arat pln pts hwp hwp_notify hwp_act_window hwp_epp md_clear flush_l1d
vmx flags	: vnmi preemption_timer invvpid ept_x_only ept_ad ept_1gb flexpriority tsc_offset vtpr mtf vapic ept vpid unrestricted_guest ple pml ept_mode_based_exec
bugs		: cpu_meltdown spectre_v1 spectre_v2 spec_store_bypass l1tf mds swapgs itlb_multihit srbds
bogomips	: 4399.99
clflush size	: 64
cache_alignment	: 64
address sizes	: 39 bits physical, 48 bits virtual
power management:

processor	: 3
vendor_id	: GenuineIntel
cpu family	: 6
model		: 158
model name	: Intel(R) Core(TM) i7-8750H CPU @ 2.20GHz
stepping	: 10
microcode	: 0xde
cpu MHz		: 4000.391
cache size	: 9216 KB
physical id	: 0
siblings	: 12
core id		: 3
cpu cores	: 6
apicid		: 6
initial apicid	: 6
fpu		: yes
fpu_exception	: yes
cpuid level	: 22
wp		: yes
flags		: fpu vme de pse tsc msr pae mce cx8 apic sep mtrr pge mca cmov pat pse36 clflush dts acpi mmx fxsr sse sse2 ss ht tm pbe syscall nx pdpe1gb rdtscp lm constant_tsc art arch_perfmon pebs bts rep_good nopl xtopology nonstop_tsc cpuid aperfmperf pni pclmulqdq dtes64 monitor ds_cpl vmx est tm2 ssse3 sdbg fma cx16 xtpr pdcm pcid sse4_1 sse4_2 x2apic movbe popcnt tsc_deadline_timer aes xsave avx f16c rdrand lahf_lm abm 3dnowprefetch cpuid_fault epb invpcid_single pti ssbd ibrs ibpb stibp tpr_shadow vnmi flexpriority ept vpid ept_ad fsgsbase tsc_adjust bmi1 avx2 smep bmi2 erms invpcid mpx rdseed adx smap clflushopt intel_pt xsaveopt xsavec xgetbv1 xsaves dtherm ida arat pln pts hwp hwp_notify hwp_act_window hwp_epp md_clear flush_l1d
vmx flags	: vnmi preemption_timer invvpid ept_x_only ept_ad ept_1gb flexpriority tsc_offset vtpr mtf vapic ept vpid unrestricted_guest ple pml ept_mode_based_exec
bugs		: cpu_meltdown spectre_v1 spectre_v2 spec_store_bypass l1tf mds swapgs itlb_multihit srbds
bogomips	: 4399.99
clflush size	: 64
cache_alignment	: 64
address sizes	: 39 bits physical, 48 bits virtual
power management:

processor	: 4
vendor_id	: GenuineIntel
cpu family	: 6
model		: 158
model name	: Intel(R) Core(TM) i7-8750H CPU @ 2.20GHz
stepping	: 10
microcode	: 0xde
cpu MHz		: 3995.832
cache size	: 9216 KB
physical id	: 0
siblings	: 12
core id		: 4
cpu cores	: 6
apicid		: 8
initial apicid	: 8
fpu		: yes
fpu_exception	: yes
cpuid level	: 22
wp		: yes
flags		: fpu vme de pse tsc msr pae mce cx8 apic sep mtrr pge mca cmov pat pse36 clflush dts acpi mmx fxsr sse sse2 ss ht tm pbe syscall nx pdpe1gb rdtscp lm constant_tsc art arch_perfmon pebs bts rep_good nopl xtopology nonstop_tsc cpuid aperfmperf pni pclmulqdq dtes64 monitor ds_cpl vmx est tm2 ssse3 sdbg fma cx16 xtpr pdcm pcid sse4_1 sse4_2 x2apic movbe popcnt tsc_deadline_timer aes xsave avx f16c rdrand lahf_lm abm 3dnowprefetch cpuid_fault epb invpcid_single pti ssbd ibrs ibpb stibp tpr_shadow vnmi flexpriority ept vpid ept_ad fsgsbase tsc_adjust bmi1 avx2 smep bmi2 erms invpcid mpx rdseed adx smap clflushopt intel_pt xsaveopt xsavec xgetbv1 xsaves dtherm ida arat pln pts hwp hwp_notify hwp_act_window hwp_epp md_clear flush_l1d
vmx flags	: vnmi preemption_timer invvpid ept_x_only ept_ad ept_1gb flexpriority tsc_offset vtpr mtf vapic ept vpid unrestricted_guest ple pml ept_mode_based_exec
bugs		: cpu_meltdown spectre_v1 spectre_v2 spec_store_bypass l1tf mds swapgs itlb_multihit srbds
bogomips	: 4399.99
clflush size	: 64
cache_alignment	: 64
address sizes	: 39 bits physical, 48 bits virtual
power management:

processor	: 5
vendor_id	: GenuineIntel
cpu family	: 6
model		: 158
model name	: Intel(R) Core(TM) i7-8750H CPU @ 2.20GHz
stepping	: 10
microcode	: 0xde
cpu MHz		: 3998.581
cache size	: 9216 KB
physical id	: 0
siblings	: 12
core id		: 5
cpu cores	: 6
apicid		: 10
initial apicid	: 10
fpu		: yes
fpu_exception	: yes
cpuid level	: 22
wp		: yes
flags		: fpu vme de pse tsc msr pae mce cx8 apic sep mtrr pge mca cmov pat pse36 clflush dts acpi mmx fxsr sse sse2 ss ht tm pbe syscall nx pdpe1gb rdtscp lm constant_tsc art arch_perfmon pebs bts rep_good nopl xtopology nonstop_tsc cpuid aperfmperf pni pclmulqdq dtes64 monitor ds_cpl vmx est tm2 ssse3 sdbg fma cx16 xtpr pdcm pcid sse4_1 sse4_2 x2apic movbe popcnt tsc_deadline_timer aes xsave avx f16c rdrand lahf_lm abm 3dnowprefetch cpuid_fault epb invpcid_single pti ssbd ibrs ibpb stibp tpr_shadow vnmi flexpriority ept vpid ept_ad fsgsbase tsc_adjust bmi1 avx2 smep bmi2 erms invpcid mpx rdseed adx smap clflushopt intel_pt xsaveopt xsavec xgetbv1 xsaves dtherm ida arat pln pts hwp hwp_notify hwp_act_window hwp_epp md_clear flush_l1d
vmx flags	: vnmi preemption_timer invvpid ept_x_only ept_ad ept_1gb flexpriority tsc_offset vtpr mtf vapic ept vpid unrestricted_guest ple pml ept_mode_based_exec
bugs		: cpu_meltdown spectre_v1 spectre_v2 spec_store_bypass l1tf mds swapgs itlb_multihit srbds
bogomips	: 4399.99
clflush size	: 64
cache_alignment	: 64
address sizes	: 39 bits physical, 48 bits virtual
power management:

processor	: 6
vendor_id	: GenuineIntel
cpu family	: 6
model		: 158
model name	: Intel(R) Core(TM) i7-8750H CPU @ 2.20GHz
stepping	: 10
microcode	: 0xde
cpu MHz		: 3997.720
cache size	: 9216 KB
physical id	: 0
siblings	: 12
core id		: 0
cpu cores	: 6
apicid		: 1
initial apicid	: 1
fpu		: yes
fpu_exception	: yes
cpuid level	: 22
wp		: yes
flags		: fpu vme de pse tsc msr pae mce cx8 apic sep mtrr pge mca cmov pat pse36 clflush dts acpi mmx fxsr sse sse2 ss ht tm pbe syscall nx pdpe1gb rdtscp lm constant_tsc art arch_perfmon pebs bts rep_good nopl xtopology nonstop_tsc cpuid aperfmperf pni pclmulqdq dtes64 monitor ds_cpl vmx est tm2 ssse3 sdbg fma cx16 xtpr pdcm pcid sse4_1 sse4_2 x2apic movbe popcnt tsc_deadline_timer aes xsave avx f16c rdrand lahf_lm abm 3dnowprefetch cpuid_fault epb invpcid_single pti ssbd ibrs ibpb stibp tpr_shadow vnmi flexpriority ept vpid ept_ad fsgsbase tsc_adjust bmi1 avx2 smep bmi2 erms invpcid mpx rdseed adx smap clflushopt intel_pt xsaveopt xsavec xgetbv1 xsaves dtherm ida arat pln pts hwp hwp_notify hwp_act_window hwp_epp md_clear flush_l1d
vmx flags	: vnmi preemption_timer invvpid ept_x_only ept_ad ept_1gb flexpriority tsc_offset vtpr mtf vapic ept vpid unrestricted_guest ple pml ept_mode_based_exec
bugs		: cpu_meltdown spectre_v1 spectre_v2 spec_store_bypass l1tf mds swapgs itlb_multihit srbds
bogomips	: 4399.99
clflush size	: 64
cache_alignment	: 64
address sizes	: 39 bits physical, 48 bits virtual
power management:

processor	: 7
vendor_id	: GenuineIntel
cpu family	: 6
model		: 158
model name	: Intel(R) Core(TM) i7-8750H CPU @ 2.20GHz
stepping	: 10
microcode	: 0xde
cpu MHz		: 3999.891
cache size	: 9216 KB
physical id	: 0
siblings	: 12
core id		: 1
cpu cores	: 6
apicid		: 3
initial apicid	: 3
fpu		: yes
fpu_exception	: yes
cpuid level	: 22
wp		: yes
flags		: fpu vme de pse tsc msr pae mce cx8 apic sep mtrr pge mca cmov pat pse36 clflush dts acpi mmx fxsr sse sse2 ss ht tm pbe syscall nx pdpe1gb rdtscp lm constant_tsc art arch_perfmon pebs bts rep_good nopl xtopology nonstop_tsc cpuid aperfmperf pni pclmulqdq dtes64 monitor ds_cpl vmx est tm2 ssse3 sdbg fma cx16 xtpr pdcm pcid sse4_1 sse4_2 x2apic movbe popcnt tsc_deadline_timer aes xsave avx f16c rdrand lahf_lm abm 3dnowprefetch cpuid_fault epb invpcid_single pti ssbd ibrs ibpb stibp tpr_shadow vnmi flexpriority ept vpid ept_ad fsgsbase tsc_adjust bmi1 avx2 smep bmi2 erms invpcid mpx rdseed adx smap clflushopt intel_pt xsaveopt xsavec xgetbv1 xsaves dtherm ida arat pln pts hwp hwp_notify hwp_act_window hwp_epp md_clear flush_l1d
vmx flags	: vnmi preemption_timer invvpid ept_x_only ept_ad ept_1gb flexpriority tsc_offset vtpr mtf vapic ept vpid unrestricted_guest ple pml ept_mode_based_exec
bugs		: cpu_meltdown spectre_v1 spectre_v2 spec_store_bypass l1tf mds swapgs itlb_multihit srbds
bogomips	: 4399.99
clflush size	: 64
cache_alignment	: 64
address sizes	: 39 bits physical, 48 bits virtual
power management:

processor	: 8
vendor_id	: GenuineIntel
cpu family	: 6
model		: 158
model name	: Intel(R) Core(TM) i7-8750H CPU @ 2.20GHz
stepping	: 10
microcode	: 0xde
cpu MHz		: 3999.153
cache size	: 9216 KB
physical id	: 0
siblings	: 12
core id		: 2
cpu cores	: 6
apicid		: 5
initial apicid	: 5
fpu		: yes
fpu_exception	: yes
cpuid level	: 22
wp		: yes
flags		: fpu vme de pse tsc msr pae mce cx8 apic sep mtrr pge mca cmov pat pse36 clflush dts acpi mmx fxsr sse sse2 ss ht tm pbe syscall nx pdpe1gb rdtscp lm constant_tsc art arch_perfmon pebs bts rep_good nopl xtopology nonstop_tsc cpuid aperfmperf pni pclmulqdq dtes64 monitor ds_cpl vmx est tm2 ssse3 sdbg fma cx16 xtpr pdcm pcid sse4_1 sse4_2 x2apic movbe popcnt tsc_deadline_timer aes xsave avx f16c rdrand lahf_lm abm 3dnowprefetch cpuid_fault epb invpcid_single pti ssbd ibrs ibpb stibp tpr_shadow vnmi flexpriority ept vpid ept_ad fsgsbase tsc_adjust bmi1 avx2 smep bmi2 erms invpcid mpx rdseed adx smap clflushopt intel_pt xsaveopt xsavec xgetbv1 xsaves dtherm ida arat pln pts hwp hwp_notify hwp_act_window hwp_epp md_clear flush_l1d
vmx flags	: vnmi preemption_timer invvpid ept_x_only ept_ad ept_1gb flexpriority tsc_offset vtpr mtf vapic ept vpid unrestricted_guest ple pml ept_mode_based_exec
bugs		: cpu_meltdown spectre_v1 spectre_v2 spec_store_bypass l1tf mds swapgs itlb_multihit srbds
bogomips	: 4399.99
clflush size	: 64
cache_alignment	: 64
address sizes	: 39 bits physical, 48 bits virtual
power management:

processor	: 9
vendor_id	: GenuineIntel
cpu family	: 6
model		: 158
model name	: Intel(R) Core(TM) i7-8750H CPU @ 2.20GHz
stepping	: 10
microcode	: 0xde
cpu MHz		: 4000.007
cache size	: 9216 KB
physical id	: 0
siblings	: 12
core id		: 3
cpu cores	: 6
apicid		: 7
initial apicid	: 7
fpu		: yes
fpu_exception	: yes
cpuid level	: 22
wp		: yes
flags		: fpu vme de pse tsc msr pae mce cx8 apic sep mtrr pge mca cmov pat pse36 clflush dts acpi mmx fxsr sse sse2 ss ht tm pbe syscall nx pdpe1gb rdtscp lm constant_tsc art arch_perfmon pebs bts rep_good nopl xtopology nonstop_tsc cpuid aperfmperf pni pclmulqdq dtes64 monitor ds_cpl vmx est tm2 ssse3 sdbg fma cx16 xtpr pdcm pcid sse4_1 sse4_2 x2apic movbe popcnt tsc_deadline_timer aes xsave avx f16c rdrand lahf_lm abm 3dnowprefetch cpuid_fault epb invpcid_single pti ssbd ibrs ibpb stibp tpr_shadow vnmi flexpriority ept vpid ept_ad fsgsbase tsc_adjust bmi1 avx2 smep bmi2 erms invpcid mpx rdseed adx smap clflushopt intel_pt xsaveopt xsavec xgetbv1 xsaves dtherm ida arat pln pts hwp hwp_notify hwp_act_window hwp_epp md_clear flush_l1d
vmx flags	: vnmi preemption_timer invvpid ept_x_only ept_ad ept_1gb flexpriority tsc_offset vtpr mtf vapic ept vpid unrestricted_guest ple pml ept_mode_based_exec
bugs		: cpu_meltdown spectre_v1 spectre_v2 spec_store_bypass l1tf mds swapgs itlb_multihit srbds
bogomips	: 4399.99
clflush size	: 64
cache_alignment	: 64
address sizes	: 39 bits physical, 48 bits virtual
power management:

processor	: 10
vendor_id	: GenuineIntel
cpu family	: 6
model		: 158
model name	: Intel(R) Core(TM) i7-8750H CPU @ 2.20GHz
stepping	: 10
microcode	: 0xde
cpu MHz		: 4000.005
cache size	: 9216 KB
physical id	: 0
siblings	: 12
core id		: 4
cpu cores	: 6
apicid		: 9
initial apicid	: 9
fpu		: yes
fpu_exception	: yes
cpuid level	: 22
wp		: yes
flags		: fpu vme de pse tsc msr pae mce cx8 apic sep mtrr pge mca cmov pat pse36 clflush dts acpi mmx fxsr sse sse2 ss ht tm pbe syscall nx pdpe1gb rdtscp lm constant_tsc art arch_perfmon pebs bts rep_good nopl xtopology nonstop_tsc cpuid aperfmperf pni pclmulqdq dtes64 monitor ds_cpl vmx est tm2 ssse3 sdbg fma cx16 xtpr pdcm pcid sse4_1 sse4_2 x2apic movbe popcnt tsc_deadline_timer aes xsave avx f16c rdrand lahf_lm abm 3dnowprefetch cpuid_fault epb invpcid_single pti ssbd ibrs ibpb stibp tpr_shadow vnmi flexpriority ept vpid ept_ad fsgsbase tsc_adjust bmi1 avx2 smep bmi2 erms invpcid mpx rdseed adx smap clflushopt intel_pt xsaveopt xsavec xgetbv1 xsaves dtherm ida arat pln pts hwp hwp_notify hwp_act_window hwp_epp md_clear flush_l1d
vmx flags	: vnmi preemption_timer invvpid ept_x_only ept_ad ept_1gb flexpriority tsc_offset vtpr mtf vapic ept vpid unrestricted_guest ple pml ept_mode_based_exec
bugs		: cpu_meltdown spectre_v1 spectre_v2 spec_store_bypass l1tf mds swapgs itlb_multihit srbds
bogomips	: 4399.99
clflush size	: 64
cache_alignment	: 64
address sizes	: 39 bits physical, 48 bits virtual
power management:

processor	: 11
vendor_id	: GenuineIntel
cpu family	: 6
model		: 158
model name	: Intel(R) Core(TM) i7-8750H CPU @ 2.20GHz
stepping	: 10
microcode	: 0xde
cpu MHz		: 3994.189
cache size	: 9216 KB
physical id	: 0
siblings	: 12
core id		: 5
cpu cores	: 6
apicid		: 11
initial apicid	: 11
fpu		: yes
fpu_exception	: yes
cpuid level	: 22
wp		: yes
flags		: fpu vme de pse tsc msr pae mce cx8 apic sep mtrr pge mca cmov pat pse36 clflush dts acpi mmx fxsr sse sse2 ss ht tm pbe syscall nx pdpe1gb rdtscp lm constant_tsc art arch_perfmon pebs bts rep_good nopl xtopology nonstop_tsc cpuid aperfmperf pni pclmulqdq dtes64 monitor ds_cpl vmx est tm2 ssse3 sdbg fma cx16 xtpr pdcm pcid sse4_1 sse4_2 x2apic movbe popcnt tsc_deadline_timer aes xsave avx f16c rdrand lahf_lm abm 3dnowprefetch cpuid_fault epb invpcid_single pti ssbd ibrs ibpb stibp tpr_shadow vnmi flexpriority ept vpid ept_ad fsgsbase tsc_adjust bmi1 avx2 smep bmi2 erms invpcid mpx rdseed adx smap clflushopt intel_pt xsaveopt xsavec xgetbv1 xsaves dtherm ida arat pln pts hwp hwp_notify hwp_act_window hwp_epp md_clear flush_l1d
vmx flags	: vnmi preemption_timer invvpid ept_x_only ept_ad ept_1gb flexpriority tsc_offset vtpr mtf vapic ept vpid unrestricted_guest ple pml ept_mode_based_exec
bugs		: cpu_meltdown spectre_v1 spectre_v2 spec_store_bypass l1tf mds swapgs itlb_multihit srbds
bogomips	: 4399.99
clflush size	: 64
cache_alignment	: 64
address sizes	: 39 bits physical, 48 bits virtual
power management:



Memory: 4k page, physical 16228168k(11294968k free), swap 8388088k(8388088k free)

vm_info: OpenJDK 64-Bit Server VM (25.275-b01) for linux-amd64 JRE (1.8.0_275-8u275-b01-0ubuntu1~20.10-b01), built on Nov  9 2020 02:38:58 by "buildd" with gcc 9.3.0

time: Fri Jan 22 13:48:13 2021
timezone: CET
elapsed time: 22.960104 seconds (0d 0h 0m 22s)

