#
# A fatal error has been detected by the Java Runtime Environment:
#
#  EXCEPTION_ACCESS_VIOLATION (0xc0000005) at pc=0x0000000180005b00, pid=15348, tid=68
#
# JRE version: Java(TM) SE Runtime Environment (15.0.1+9) (build 15.0.1+9-18)
# Java VM: Java HotSpot(TM) 64-Bit Server VM (15.0.1+9-18, mixed mode, sharing, tiered, compressed oops, g1 gc, windows-amd64)
# Problematic frame:
# C  [rxtxSerial.dll+0x5b00]
#
# No core dump will be written. Minidumps are not enabled by default on client versions of Windows
#
# If you would like to submit a bug report, please visit:
#   https://bugreport.java.com/bugreport/crash.jsp
# The crash happened outside the Java Virtual Machine in native code.
# See problematic frame for where to report the bug.
#

---------------  S U M M A R Y ------------

Command Line: -Djava.library.path=C:\Users\gorka\Documents\Repostiorios\PBL-3\PBL3\LeapMotion\lib;C:\Users\gorka\Documents\Repostiorios\PBL-3\PBL3\LeapMotion\lib -Dfile.encoding=Cp1252 -XX:+ShowCodeDetailsInExceptionMessages pbl.Principal

Host: Intel(R) Core(TM) i7-7500U CPU @ 2.70GHz, 4 cores, 11G,  Windows 10 , 64 bit Build 18362 (10.0.18362.1316)
Time: Fri Jan 15 18:00:42 2021 Hora estándar romance elapsed time: 11.164263 seconds (0d 0h 0m 11s)

---------------  T H R E A D  ---------------

Current thread (0x000002bfc9c20dd0):  JavaThread "main" [_thread_in_native, id=68, stack(0x000000c756b00000,0x000000c756c00000)]

Stack: [0x000000c756b00000,0x000000c756c00000],  sp=0x000000c756bfea00,  free space=1018k
Native frames: (J=compiled Java code, j=interpreted, Vv=VM code, C=native code)
C  [rxtxSerial.dll+0x5b00]

Java frames: (J=compiled Java code, j=interpreted, Vv=VM code)
j  gnu.io.RXTXPort.readArray([BII)I+0
j  gnu.io.RXTXPort$SerialInputStream.read([BII)I+212
j  sun.nio.cs.StreamDecoder.readBytes()I+135 java.base@15.0.1
j  sun.nio.cs.StreamDecoder.implRead([CII)I+112 java.base@15.0.1
j  sun.nio.cs.StreamDecoder.read([CII)I+180 java.base@15.0.1
j  java.io.InputStreamReader.read([CII)I+7 java.base@15.0.1
j  java.io.Reader.read(Ljava/nio/CharBuffer;)I+13 java.base@15.0.1
j  java.util.Scanner.readInput()V+70 java.base@15.0.1
j  java.util.Scanner.hasNext(Ljava/util/regex/Pattern;)Z+66 java.base@15.0.1
j  java.util.Scanner.hasNextInt(I)Z+10 java.base@15.0.1
j  java.util.Scanner.hasNextInt()Z+5 java.base@15.0.1
j  pbl.Principal.main([Ljava/lang/String;)V+123
v  ~StubRoutines::call_stub

siginfo: EXCEPTION_ACCESS_VIOLATION (0xc0000005), reading address 0x0000000057dfebc8


Register to memory mapping:

RIP=0x0000000180005b00 rxtxSerial.dll
RAX=0x0000000000000001 is an unknown value
RBX=0x0 is NULL
RCX=0x000000018001d4d5 rxtxSerial.dll
RDX=0xfffffffffffff665 is an unknown value
RSP=0x000000c756bfea00 is pointing into the stack for thread: 0x000002bfc9c20dd0
RBP=0x00000000ffffffff is an unknown value
RSI=0x0 is NULL
RDI=0x000002bfc9c210f8 points into unknown readable memory: 0x00007ffa4944de40 | 40 de 44 49 fa 7f 00 00
R8 =0x0000000000000002 is an unknown value
R9 =0xfffffffffffff63c is an unknown value
R10=0x00007ffa494ec720 jvm.dll
R11=0x8101010101010100 is an unknown value
R12=0x0000000057dfebc0 is an unknown value
R13=0x0000000000000001 is an unknown value
R14=0x000000c756bfebf0 is pointing into the stack for thread: 0x000002bfc9c20dd0
R15=0x0 is NULL


Registers:
RAX=0x0000000000000001, RBX=0x0000000000000000, RCX=0x000000018001d4d5, RDX=0xfffffffffffff665
RSP=0x000000c756bfea00, RBP=0x00000000ffffffff, RSI=0x0000000000000000, RDI=0x000002bfc9c210f8
R8 =0x0000000000000002, R9 =0xfffffffffffff63c, R10=0x00007ffa494ec720, R11=0x8101010101010100
R12=0x0000000057dfebc0, R13=0x0000000000000001, R14=0x000000c756bfebf0, R15=0x0000000000000000
RIP=0x0000000180005b00, EFLAGS=0x0000000000010202

Top of Stack: (sp=0x000000c756bfea00)
0x000000c756bfea00:   0000000000000000 0000000000000000
0x000000c756bfea10:   0000000000000000 000002bfc9c20dd0
0x000000c756bfea20:   0000000000000000 000000c756bfebf0
0x000000c756bfea30:   000002bfea8f7370 0000000000000001
0x000000c756bfea40:   000002bfc9c210f8 0000000000000001
0x000000c756bfea50:   ffffffffffffffff 0000000180006211
0x000000c756bfea60:   000002bfeaec91a0 000002bfc9c210f8
0x000000c756bfea70:   0000000000000001 000002bfeaec91a0
0x000000c756bfea80:   000002bf00000001 00007ffaffffffff
0x000000c756bfea90:   000000c756bfebf8 000002bfd1e59bc0
0x000000c756bfeaa0:   000002bfea8f7370 000002bfea8f7370
0x000000c756bfeab0:   000000c756bfebc0 00007ffa48d9c8a7
0x000000c756bfeac0:   00000000000155b4 000002bfc9c20dd0
0x000000c756bfead0:   000002bfc9c20dd0 0000eb5f294869eb
0x000000c756bfeae0:   000002bfea8f7378 000002bfea8f7370
0x000000c756bfeaf0:   000002bfc9c20dd0 000000c756bfebf8 

Instructions: (pc=0x0000000180005b00)
0x0000000180005a00:   5d c3 cc cc cc cc cc cc cc cc cc cc cc cc cc cc
0x0000000180005a10:   48 89 5c 24 08 4c 89 4c 24 20 44 89 44 24 18 55
0x0000000180005a20:   56 57 41 54 41 55 41 56 41 57 48 83 ec 20 48 8b
0x0000000180005a30:   2a 48 8b 01 33 db 48 8b d5 48 8b f9 44 8b fb 8b
0x0000000180005a40:   f3 ff 90 f8 00 00 00 4c 8d 0d 9e 70 01 00 4c 8b
0x0000000180005a50:   e0 48 8b 07 4c 8d 05 b5 70 01 00 49 8b d4 48 8b
0x0000000180005a60:   cf ff 90 f0 02 00 00 48 8b cf 4c 8b c0 48 85 c0
0x0000000180005a70:   48 8b 07 75 28 ff 90 80 00 00 00 4c 8b 1f 48 8b
0x0000000180005a80:   cf 41 ff 93 88 00 00 00 4c 8b 1f 49 8b d4 48 8b
0x0000000180005a90:   cf 41 ff 93 b8 00 00 00 4c 8b e3 eb 54 48 8b d5
0x0000000180005aa0:   ff 90 20 03 00 00 49 8b d4 48 8b cf 48 63 e8 48
0x0000000180005ab0:   8b 07 ff 90 b8 00 00 00 48 8d 15 51 70 01 00 48
0x0000000180005ac0:   8d 0d 0e 7a 01 00 41 b8 02 00 00 00 e8 6f 62 00
0x0000000180005ad0:   00 85 c0 75 19 85 ed 75 15 e8 c2 5e 00 00 48 8d
0x0000000180005ae0:   15 23 7a 01 00 48 8d 48 60 e8 3a 5d 00 00 4c 8b
0x0000000180005af0:   e5 8b ac 24 88 00 00 00 44 8b ac 24 80 00 00 00
0x0000000180005b00:   45 8b 74 24 08 41 89 5c 24 08 41 8b fd 85 ed 78
0x0000000180005b10:   09 ff 15 e9 14 01 00 44 8b f8 45 85 ed 7e 4a 90
0x0000000180005b20:   8b c6 ff c6 83 f8 14 7d 40 85 ed 78 0d ff 15 cd
0x0000000180005b30:   14 01 00 41 2b c7 3b c5 7d 2f 8b 4c 24 70 48 63
0x0000000180005b40:   d3 44 8b c7 48 03 54 24 78 e8 a2 31 00 00 85 c0
0x0000000180005b50:   78 33 74 06 03 d8 2b f8 eb 0a b9 e8 03 00 00 e8
0x0000000180005b60:   1c 1c 00 00 41 3b dd 7c b7 8b c3 45 89 74 24 08
0x0000000180005b70:   48 8b 5c 24 60 48 83 c4 20 41 5f 41 5e 41 5d 41
0x0000000180005b80:   5c 5f 5e 5d c3 e8 1e 61 00 00 83 38 04 74 05 e8
0x0000000180005b90:   14 61 00 00 83 c8 ff eb d2 cc cc cc cc cc cc cc
0x0000000180005ba0:   40 53 55 56 57 41 54 41 55 48 81 ec b8 00 00 00
0x0000000180005bb0:   48 8b 05 71 85 01 00 48 33 c4 48 89 84 24 a0 00
0x0000000180005bc0:   00 00 48 8b 01 45 8b e9 41 8b f8 48 8b f2 48 8b
0x0000000180005bd0:   d9 ff 90 f8 00 00 00 4c 8b 13 4c 8d 0d 33 6f 01
0x0000000180005be0:   00 4c 8d 05 7c 6f 01 00 48 8b d0 48 8b cb 4c 8b
0x0000000180005bf0:   e0 41 ff 92 f0 02 00 00 33 ed 48 8b cb 4c 8b c0 


Stack slot to memory mapping:
stack at sp + 0 slots: 0x0 is NULL
stack at sp + 1 slots: 0x0 is NULL
stack at sp + 2 slots: 0x0 is NULL
stack at sp + 3 slots: 0x000002bfc9c20dd0 is a thread
stack at sp + 4 slots: 0x0 is NULL
stack at sp + 5 slots: 0x000000c756bfebf0 is pointing into the stack for thread: 0x000002bfc9c20dd0
stack at sp + 6 slots: 0x000002bfea8f7370 is pointing into metadata
stack at sp + 7 slots: 0x0000000000000001 is an unknown value


---------------  P R O C E S S  ---------------

Threads class SMR info:
_java_thread_list=0x000002bfeaf5c460, length=12, elements={
0x000002bfc9c20dd0, 0x000002bfea495fa0, 0x000002bfea496860, 0x000002bfea4afd30,
0x000002bfea4b2600, 0x000002bfea4bafc0, 0x000002bfea4c1270, 0x000002bfea4c1d10,
0x000002bfea4cbdf0, 0x000002bfeaf055c0, 0x000002bfeaf03db0, 0x000002bfeaf04c20
}

Java Threads: ( => current thread )
=>0x000002bfc9c20dd0 JavaThread "main" [_thread_in_native, id=68, stack(0x000000c756b00000,0x000000c756c00000)]
  0x000002bfea495fa0 JavaThread "Reference Handler" daemon [_thread_blocked, id=9688, stack(0x000000c757200000,0x000000c757300000)]
  0x000002bfea496860 JavaThread "Finalizer" daemon [_thread_blocked, id=5580, stack(0x000000c757300000,0x000000c757400000)]
  0x000002bfea4afd30 JavaThread "Signal Dispatcher" daemon [_thread_blocked, id=13036, stack(0x000000c757400000,0x000000c757500000)]
  0x000002bfea4b2600 JavaThread "Attach Listener" daemon [_thread_blocked, id=11804, stack(0x000000c757500000,0x000000c757600000)]
  0x000002bfea4bafc0 JavaThread "Service Thread" daemon [_thread_blocked, id=12096, stack(0x000000c757600000,0x000000c757700000)]
  0x000002bfea4c1270 JavaThread "C2 CompilerThread0" daemon [_thread_blocked, id=9172, stack(0x000000c757700000,0x000000c757800000)]
  0x000002bfea4c1d10 JavaThread "C1 CompilerThread0" daemon [_thread_blocked, id=3836, stack(0x000000c757800000,0x000000c757900000)]
  0x000002bfea4cbdf0 JavaThread "Sweeper thread" daemon [_thread_blocked, id=8380, stack(0x000000c757900000,0x000000c757a00000)]
  0x000002bfeaf055c0 JavaThread "Notification Thread" daemon [_thread_blocked, id=13464, stack(0x000000c757a00000,0x000000c757b00000)]
  0x000002bfeaf03db0 JavaThread "Common-Cleaner" daemon [_thread_blocked, id=10184, stack(0x000000c757c00000,0x000000c757d00000)]
  0x000002bfeaf04c20 JavaThread "Thread-0" [_thread_in_native, id=9704, stack(0x000000c757d00000,0x000000c757e00000)]

Other Threads:
  0x000002bfc9cee760 VMThread "VM Thread" [stack: 0x000000c757100000,0x000000c757200000] [id=14356]
  0x000002bfeaf07d70 WatcherThread [stack: 0x000000c757b00000,0x000000c757c00000] [id=14344]
  0x000002bfc9c65370 GCTaskThread "GC Thread#0" [stack: 0x000000c756c00000,0x000000c756d00000] [id=14472]
  0x000002bfc9c74c40 ConcurrentGCThread "G1 Main Marker" [stack: 0x000000c756d00000,0x000000c756e00000] [id=8772]
  0x000002bfc9c75830 ConcurrentGCThread "G1 Conc#0" [stack: 0x000000c756e00000,0x000000c756f00000] [id=10592]
  0x000002bfc9cd7900 ConcurrentGCThread "G1 Refine#0" [stack: 0x000000c756f00000,0x000000c757000000] [id=4028]
  0x000002bfea322770 ConcurrentGCThread "G1 Young RemSet Sampling" [stack: 0x000000c757000000,0x000000c757100000] [id=8640]

Threads with active compile tasks:

VM state: not at safepoint (normal execution)

VM Mutex/Monitor currently owned by a thread: None

Heap address: 0x0000000741400000, size: 3052 MB, Compressed Oops mode: Zero based, Oop shift amount: 3
CDS archive(s) mapped at: [0x0000000800000000-0x0000000800b50000-0x0000000800b50000), size 11862016, SharedBaseAddress: 0x0000000800000000, ArchiveRelocationMode: 0.
Compressed class space mapped at: 0x0000000800b50000-0x0000000840b50000, size: 1073741824
Narrow klass base: 0x0000000800000000, Narrow klass shift: 3, Narrow klass range: 0x100000000

GC Precious Log:
 CPUs: 4 total, 4 available
 Memory: 12204M
 Large Page Support: Disabled
 NUMA Support: Disabled
 Compressed Oops: Enabled (Zero based)
 Heap Region Size: 2M
 Heap Min Capacity: 8M
 Heap Initial Capacity: 192M
 Heap Max Capacity: 3052M
 Pre-touch: Disabled
 Parallel Workers: 4
 Concurrent Workers: 1
 Concurrent Refinement Workers: 4
 Periodic GC: Disabled

Heap:
 garbage-first heap   total 196608K, used 2048K [0x0000000741400000, 0x0000000800000000)
  region size 2048K, 2 young (4096K), 0 survivors (0K)
 Metaspace       used 765K, capacity 4741K, committed 4864K, reserved 1056768K
  class space    used 69K, capacity 427K, committed 512K, reserved 1048576K

Heap Regions: E=young(eden), S=young(survivor), O=old, HS=humongous(starts), HC=humongous(continues), CS=collection set, F=free, OA=open archive, CA=closed archive, TAMS=top-at-mark-start (previous, next)
|   0|0x0000000741400000, 0x0000000741400000, 0x0000000741600000|  0%| F|  |TAMS 0x0000000741400000, 0x0000000741400000| Untracked 
|   1|0x0000000741600000, 0x0000000741600000, 0x0000000741800000|  0%| F|  |TAMS 0x0000000741600000, 0x0000000741600000| Untracked 
|   2|0x0000000741800000, 0x0000000741800000, 0x0000000741a00000|  0%| F|  |TAMS 0x0000000741800000, 0x0000000741800000| Untracked 
|   3|0x0000000741a00000, 0x0000000741a00000, 0x0000000741c00000|  0%| F|  |TAMS 0x0000000741a00000, 0x0000000741a00000| Untracked 
|   4|0x0000000741c00000, 0x0000000741c00000, 0x0000000741e00000|  0%| F|  |TAMS 0x0000000741c00000, 0x0000000741c00000| Untracked 
|   5|0x0000000741e00000, 0x0000000741e00000, 0x0000000742000000|  0%| F|  |TAMS 0x0000000741e00000, 0x0000000741e00000| Untracked 
|   6|0x0000000742000000, 0x0000000742000000, 0x0000000742200000|  0%| F|  |TAMS 0x0000000742000000, 0x0000000742000000| Untracked 
|   7|0x0000000742200000, 0x0000000742200000, 0x0000000742400000|  0%| F|  |TAMS 0x0000000742200000, 0x0000000742200000| Untracked 
|   8|0x0000000742400000, 0x0000000742400000, 0x0000000742600000|  0%| F|  |TAMS 0x0000000742400000, 0x0000000742400000| Untracked 
|   9|0x0000000742600000, 0x0000000742600000, 0x0000000742800000|  0%| F|  |TAMS 0x0000000742600000, 0x0000000742600000| Untracked 
|  10|0x0000000742800000, 0x0000000742800000, 0x0000000742a00000|  0%| F|  |TAMS 0x0000000742800000, 0x0000000742800000| Untracked 
|  11|0x0000000742a00000, 0x0000000742a00000, 0x0000000742c00000|  0%| F|  |TAMS 0x0000000742a00000, 0x0000000742a00000| Untracked 
|  12|0x0000000742c00000, 0x0000000742c00000, 0x0000000742e00000|  0%| F|  |TAMS 0x0000000742c00000, 0x0000000742c00000| Untracked 
|  13|0x0000000742e00000, 0x0000000742e00000, 0x0000000743000000|  0%| F|  |TAMS 0x0000000742e00000, 0x0000000742e00000| Untracked 
|  14|0x0000000743000000, 0x0000000743000000, 0x0000000743200000|  0%| F|  |TAMS 0x0000000743000000, 0x0000000743000000| Untracked 
|  15|0x0000000743200000, 0x0000000743200000, 0x0000000743400000|  0%| F|  |TAMS 0x0000000743200000, 0x0000000743200000| Untracked 
|  16|0x0000000743400000, 0x0000000743400000, 0x0000000743600000|  0%| F|  |TAMS 0x0000000743400000, 0x0000000743400000| Untracked 
|  17|0x0000000743600000, 0x0000000743600000, 0x0000000743800000|  0%| F|  |TAMS 0x0000000743600000, 0x0000000743600000| Untracked 
|  18|0x0000000743800000, 0x0000000743800000, 0x0000000743a00000|  0%| F|  |TAMS 0x0000000743800000, 0x0000000743800000| Untracked 
|  19|0x0000000743a00000, 0x0000000743a00000, 0x0000000743c00000|  0%| F|  |TAMS 0x0000000743a00000, 0x0000000743a00000| Untracked 
|  20|0x0000000743c00000, 0x0000000743c00000, 0x0000000743e00000|  0%| F|  |TAMS 0x0000000743c00000, 0x0000000743c00000| Untracked 
|  21|0x0000000743e00000, 0x0000000743e00000, 0x0000000744000000|  0%| F|  |TAMS 0x0000000743e00000, 0x0000000743e00000| Untracked 
|  22|0x0000000744000000, 0x0000000744000000, 0x0000000744200000|  0%| F|  |TAMS 0x0000000744000000, 0x0000000744000000| Untracked 
|  23|0x0000000744200000, 0x0000000744200000, 0x0000000744400000|  0%| F|  |TAMS 0x0000000744200000, 0x0000000744200000| Untracked 
|  24|0x0000000744400000, 0x0000000744400000, 0x0000000744600000|  0%| F|  |TAMS 0x0000000744400000, 0x0000000744400000| Untracked 
|  25|0x0000000744600000, 0x0000000744600000, 0x0000000744800000|  0%| F|  |TAMS 0x0000000744600000, 0x0000000744600000| Untracked 
|  26|0x0000000744800000, 0x0000000744800000, 0x0000000744a00000|  0%| F|  |TAMS 0x0000000744800000, 0x0000000744800000| Untracked 
|  27|0x0000000744a00000, 0x0000000744a00000, 0x0000000744c00000|  0%| F|  |TAMS 0x0000000744a00000, 0x0000000744a00000| Untracked 
|  28|0x0000000744c00000, 0x0000000744c00000, 0x0000000744e00000|  0%| F|  |TAMS 0x0000000744c00000, 0x0000000744c00000| Untracked 
|  29|0x0000000744e00000, 0x0000000744e00000, 0x0000000745000000|  0%| F|  |TAMS 0x0000000744e00000, 0x0000000744e00000| Untracked 
|  30|0x0000000745000000, 0x0000000745000000, 0x0000000745200000|  0%| F|  |TAMS 0x0000000745000000, 0x0000000745000000| Untracked 
|  31|0x0000000745200000, 0x0000000745200000, 0x0000000745400000|  0%| F|  |TAMS 0x0000000745200000, 0x0000000745200000| Untracked 
|  32|0x0000000745400000, 0x0000000745400000, 0x0000000745600000|  0%| F|  |TAMS 0x0000000745400000, 0x0000000745400000| Untracked 
|  33|0x0000000745600000, 0x0000000745600000, 0x0000000745800000|  0%| F|  |TAMS 0x0000000745600000, 0x0000000745600000| Untracked 
|  34|0x0000000745800000, 0x0000000745800000, 0x0000000745a00000|  0%| F|  |TAMS 0x0000000745800000, 0x0000000745800000| Untracked 
|  35|0x0000000745a00000, 0x0000000745a00000, 0x0000000745c00000|  0%| F|  |TAMS 0x0000000745a00000, 0x0000000745a00000| Untracked 
|  36|0x0000000745c00000, 0x0000000745c00000, 0x0000000745e00000|  0%| F|  |TAMS 0x0000000745c00000, 0x0000000745c00000| Untracked 
|  37|0x0000000745e00000, 0x0000000745e00000, 0x0000000746000000|  0%| F|  |TAMS 0x0000000745e00000, 0x0000000745e00000| Untracked 
|  38|0x0000000746000000, 0x0000000746000000, 0x0000000746200000|  0%| F|  |TAMS 0x0000000746000000, 0x0000000746000000| Untracked 
|  39|0x0000000746200000, 0x0000000746200000, 0x0000000746400000|  0%| F|  |TAMS 0x0000000746200000, 0x0000000746200000| Untracked 
|  40|0x0000000746400000, 0x0000000746400000, 0x0000000746600000|  0%| F|  |TAMS 0x0000000746400000, 0x0000000746400000| Untracked 
|  41|0x0000000746600000, 0x0000000746600000, 0x0000000746800000|  0%| F|  |TAMS 0x0000000746600000, 0x0000000746600000| Untracked 
|  42|0x0000000746800000, 0x0000000746800000, 0x0000000746a00000|  0%| F|  |TAMS 0x0000000746800000, 0x0000000746800000| Untracked 
|  43|0x0000000746a00000, 0x0000000746a00000, 0x0000000746c00000|  0%| F|  |TAMS 0x0000000746a00000, 0x0000000746a00000| Untracked 
|  44|0x0000000746c00000, 0x0000000746c00000, 0x0000000746e00000|  0%| F|  |TAMS 0x0000000746c00000, 0x0000000746c00000| Untracked 
|  45|0x0000000746e00000, 0x0000000746e00000, 0x0000000747000000|  0%| F|  |TAMS 0x0000000746e00000, 0x0000000746e00000| Untracked 
|  46|0x0000000747000000, 0x0000000747000000, 0x0000000747200000|  0%| F|  |TAMS 0x0000000747000000, 0x0000000747000000| Untracked 
|  47|0x0000000747200000, 0x0000000747200000, 0x0000000747400000|  0%| F|  |TAMS 0x0000000747200000, 0x0000000747200000| Untracked 
|  48|0x0000000747400000, 0x0000000747400000, 0x0000000747600000|  0%| F|  |TAMS 0x0000000747400000, 0x0000000747400000| Untracked 
|  49|0x0000000747600000, 0x0000000747600000, 0x0000000747800000|  0%| F|  |TAMS 0x0000000747600000, 0x0000000747600000| Untracked 
|  50|0x0000000747800000, 0x0000000747800000, 0x0000000747a00000|  0%| F|  |TAMS 0x0000000747800000, 0x0000000747800000| Untracked 
|  51|0x0000000747a00000, 0x0000000747a00000, 0x0000000747c00000|  0%| F|  |TAMS 0x0000000747a00000, 0x0000000747a00000| Untracked 
|  52|0x0000000747c00000, 0x0000000747c00000, 0x0000000747e00000|  0%| F|  |TAMS 0x0000000747c00000, 0x0000000747c00000| Untracked 
|  53|0x0000000747e00000, 0x0000000747e00000, 0x0000000748000000|  0%| F|  |TAMS 0x0000000747e00000, 0x0000000747e00000| Untracked 
|  54|0x0000000748000000, 0x0000000748000000, 0x0000000748200000|  0%| F|  |TAMS 0x0000000748000000, 0x0000000748000000| Untracked 
|  55|0x0000000748200000, 0x0000000748200000, 0x0000000748400000|  0%| F|  |TAMS 0x0000000748200000, 0x0000000748200000| Untracked 
|  56|0x0000000748400000, 0x0000000748400000, 0x0000000748600000|  0%| F|  |TAMS 0x0000000748400000, 0x0000000748400000| Untracked 
|  57|0x0000000748600000, 0x0000000748600000, 0x0000000748800000|  0%| F|  |TAMS 0x0000000748600000, 0x0000000748600000| Untracked 
|  58|0x0000000748800000, 0x0000000748800000, 0x0000000748a00000|  0%| F|  |TAMS 0x0000000748800000, 0x0000000748800000| Untracked 
|  59|0x0000000748a00000, 0x0000000748a00000, 0x0000000748c00000|  0%| F|  |TAMS 0x0000000748a00000, 0x0000000748a00000| Untracked 
|  60|0x0000000748c00000, 0x0000000748c00000, 0x0000000748e00000|  0%| F|  |TAMS 0x0000000748c00000, 0x0000000748c00000| Untracked 
|  61|0x0000000748e00000, 0x0000000748e00000, 0x0000000749000000|  0%| F|  |TAMS 0x0000000748e00000, 0x0000000748e00000| Untracked 
|  62|0x0000000749000000, 0x0000000749000000, 0x0000000749200000|  0%| F|  |TAMS 0x0000000749000000, 0x0000000749000000| Untracked 
|  63|0x0000000749200000, 0x0000000749200000, 0x0000000749400000|  0%| F|  |TAMS 0x0000000749200000, 0x0000000749200000| Untracked 
|  64|0x0000000749400000, 0x0000000749400000, 0x0000000749600000|  0%| F|  |TAMS 0x0000000749400000, 0x0000000749400000| Untracked 
|  65|0x0000000749600000, 0x0000000749600000, 0x0000000749800000|  0%| F|  |TAMS 0x0000000749600000, 0x0000000749600000| Untracked 
|  66|0x0000000749800000, 0x0000000749800000, 0x0000000749a00000|  0%| F|  |TAMS 0x0000000749800000, 0x0000000749800000| Untracked 
|  67|0x0000000749a00000, 0x0000000749a00000, 0x0000000749c00000|  0%| F|  |TAMS 0x0000000749a00000, 0x0000000749a00000| Untracked 
|  68|0x0000000749c00000, 0x0000000749c00000, 0x0000000749e00000|  0%| F|  |TAMS 0x0000000749c00000, 0x0000000749c00000| Untracked 
|  69|0x0000000749e00000, 0x0000000749e00000, 0x000000074a000000|  0%| F|  |TAMS 0x0000000749e00000, 0x0000000749e00000| Untracked 
|  70|0x000000074a000000, 0x000000074a000000, 0x000000074a200000|  0%| F|  |TAMS 0x000000074a000000, 0x000000074a000000| Untracked 
|  71|0x000000074a200000, 0x000000074a200000, 0x000000074a400000|  0%| F|  |TAMS 0x000000074a200000, 0x000000074a200000| Untracked 
|  72|0x000000074a400000, 0x000000074a400000, 0x000000074a600000|  0%| F|  |TAMS 0x000000074a400000, 0x000000074a400000| Untracked 
|  73|0x000000074a600000, 0x000000074a600000, 0x000000074a800000|  0%| F|  |TAMS 0x000000074a600000, 0x000000074a600000| Untracked 
|  74|0x000000074a800000, 0x000000074a800000, 0x000000074aa00000|  0%| F|  |TAMS 0x000000074a800000, 0x000000074a800000| Untracked 
|  75|0x000000074aa00000, 0x000000074aa00000, 0x000000074ac00000|  0%| F|  |TAMS 0x000000074aa00000, 0x000000074aa00000| Untracked 
|  76|0x000000074ac00000, 0x000000074ac00000, 0x000000074ae00000|  0%| F|  |TAMS 0x000000074ac00000, 0x000000074ac00000| Untracked 
|  77|0x000000074ae00000, 0x000000074ae00000, 0x000000074b000000|  0%| F|  |TAMS 0x000000074ae00000, 0x000000074ae00000| Untracked 
|  78|0x000000074b000000, 0x000000074b000000, 0x000000074b200000|  0%| F|  |TAMS 0x000000074b000000, 0x000000074b000000| Untracked 
|  79|0x000000074b200000, 0x000000074b200000, 0x000000074b400000|  0%| F|  |TAMS 0x000000074b200000, 0x000000074b200000| Untracked 
|  80|0x000000074b400000, 0x000000074b400000, 0x000000074b600000|  0%| F|  |TAMS 0x000000074b400000, 0x000000074b400000| Untracked 
|  81|0x000000074b600000, 0x000000074b600000, 0x000000074b800000|  0%| F|  |TAMS 0x000000074b600000, 0x000000074b600000| Untracked 
|  82|0x000000074b800000, 0x000000074b800000, 0x000000074ba00000|  0%| F|  |TAMS 0x000000074b800000, 0x000000074b800000| Untracked 
|  83|0x000000074ba00000, 0x000000074ba00000, 0x000000074bc00000|  0%| F|  |TAMS 0x000000074ba00000, 0x000000074ba00000| Untracked 
|  84|0x000000074bc00000, 0x000000074bc00000, 0x000000074be00000|  0%| F|  |TAMS 0x000000074bc00000, 0x000000074bc00000| Untracked 
|  85|0x000000074be00000, 0x000000074be00000, 0x000000074c000000|  0%| F|  |TAMS 0x000000074be00000, 0x000000074be00000| Untracked 
|  86|0x000000074c000000, 0x000000074c000000, 0x000000074c200000|  0%| F|  |TAMS 0x000000074c000000, 0x000000074c000000| Untracked 
|  87|0x000000074c200000, 0x000000074c200000, 0x000000074c400000|  0%| F|  |TAMS 0x000000074c200000, 0x000000074c200000| Untracked 
|  88|0x000000074c400000, 0x000000074c400000, 0x000000074c600000|  0%| F|  |TAMS 0x000000074c400000, 0x000000074c400000| Untracked 
|  89|0x000000074c600000, 0x000000074c600000, 0x000000074c800000|  0%| F|  |TAMS 0x000000074c600000, 0x000000074c600000| Untracked 
|  90|0x000000074c800000, 0x000000074c800000, 0x000000074ca00000|  0%| F|  |TAMS 0x000000074c800000, 0x000000074c800000| Untracked 
|  91|0x000000074ca00000, 0x000000074ca00000, 0x000000074cc00000|  0%| F|  |TAMS 0x000000074ca00000, 0x000000074ca00000| Untracked 
|  92|0x000000074cc00000, 0x000000074cc00000, 0x000000074ce00000|  0%| F|  |TAMS 0x000000074cc00000, 0x000000074cc00000| Untracked 
|  93|0x000000074ce00000, 0x000000074ce00000, 0x000000074d000000|  0%| F|  |TAMS 0x000000074ce00000, 0x000000074ce00000| Untracked 
|  94|0x000000074d000000, 0x000000074d07b698, 0x000000074d200000| 24%| E|  |TAMS 0x000000074d000000, 0x000000074d000000| Complete 
|  95|0x000000074d200000, 0x000000074d400000, 0x000000074d400000|100%| E|CS|TAMS 0x000000074d200000, 0x000000074d200000| Complete 

Card table byte_map: [0x000002bfe1450000,0x000002bfe1a50000] _byte_map_base: 0x000002bfdda46000

Marking Bits (Prev, Next): (CMBitMap*) 0x000002bfc9c66bf0, (CMBitMap*) 0x000002bfc9c66c30
 Prev Bits: [0x000002bfe2050000, 0x000002bfe5000000)
 Next Bits: [0x000002bfe5000000, 0x000002bfe7fb0000)

Polling page: 0x000002bfc7900000

Metaspace:

Usage:
  Non-class:      4.21 MB capacity,   695.98 KB ( 16%) used,     3.53 MB ( 84%) free+waste,   768 bytes ( <1%) overhead. 
      Class:    427.00 KB capacity,    69.72 KB ( 16%) used,   356.78 KB ( 84%) free+waste,   512 bytes ( <1%) overhead. 
       Both:      4.63 MB capacity,   765.70 KB ( 16%) used,     3.88 MB ( 84%) free+waste,     1.25 KB ( <1%) overhead. 

Virtual space:
  Non-class space:        8.00 MB reserved,       4.25 MB ( 53%) committed 
      Class space:        1.00 GB reserved,     512.00 KB ( <1%) committed 
             Both:        1.01 GB reserved,       4.75 MB ( <1%) committed 

Chunk freelists:
   Non-Class:  38.00 KB
       Class:  21.00 KB
        Both:  59.00 KB

MaxMetaspaceSize: 17179869184.00 GB
CompressedClassSpaceSize: 1.00 GB

CodeHeap 'non-profiled nmethods': size=120000Kb used=61Kb max_used=61Kb free=119938Kb
 bounds [0x000002bfd9920000, 0x000002bfd9b90000, 0x000002bfe0e50000]
CodeHeap 'profiled nmethods': size=120000Kb used=305Kb max_used=305Kb free=119694Kb
 bounds [0x000002bfd23f0000, 0x000002bfd2660000, 0x000002bfd9920000]
CodeHeap 'non-nmethods': size=5760Kb used=1121Kb max_used=1127Kb free=4638Kb
 bounds [0x000002bfd1e50000, 0x000002bfd20c0000, 0x000002bfd23f0000]
 total_blobs=605 nmethods=243 adapters=275
 compilation: enabled
              stopped_count=0, restarted_count=0
 full_count=0

Compilation events (20 events):
Event: 11.155 Thread 0x000002bfea4c1d10  231       3       java.lang.Object::equals (11 bytes)
Event: 11.155 Thread 0x000002bfea4c1d10 nmethod 231 0x000002bfd2438c10 code [0x000002bfd2438da0, 0x000002bfd2438ef8]
Event: 11.155 Thread 0x000002bfea4c1d10  233       3       java.lang.invoke.MethodType::parameterCount (6 bytes)
Event: 11.155 Thread 0x000002bfea4c1d10 nmethod 233 0x000002bfd2438f90 code [0x000002bfd2439120, 0x000002bfd2439238]
Event: 11.155 Thread 0x000002bfea4c1d10  234       1       sun.invoke.util.Wrapper::basicTypeChar (5 bytes)
Event: 11.155 Thread 0x000002bfea4c1d10 nmethod 234 0x000002bfd992ee90 code [0x000002bfd992f020, 0x000002bfd992f0d8]
Event: 11.155 Thread 0x000002bfea4c1d10  236       3       java.lang.invoke.MethodType$ConcurrentWeakInternSet::get (47 bytes)
Event: 11.156 Thread 0x000002bfea4c1d10 nmethod 236 0x000002bfd2439310 code [0x000002bfd2439540, 0x000002bfd2439eb8]
Event: 11.156 Thread 0x000002bfea4c1d10  239       3       java.util.regex.ASCII::isAscii (13 bytes)
Event: 11.156 Thread 0x000002bfea4c1d10 nmethod 239 0x000002bfd243a210 code [0x000002bfd243a3a0, 0x000002bfd243a4d8]
Event: 11.156 Thread 0x000002bfea4c1d10  240       3       java.util.regex.Pattern::peek (26 bytes)
Event: 11.156 Thread 0x000002bfea4c1d10 nmethod 240 0x000002bfd243a590 code [0x000002bfd243a740, 0x000002bfd243a9a8]
Event: 11.156 Thread 0x000002bfea4c1d10  238       3       java.lang.invoke.MethodType::equals (56 bytes)
Event: 11.156 Thread 0x000002bfea4c1d10 nmethod 238 0x000002bfd243ab10 code [0x000002bfd243ad20, 0x000002bfd243b8b8]
Event: 11.156 Thread 0x000002bfea4c1d10  241       3       java.util.regex.Pattern::next (33 bytes)
Event: 11.156 Thread 0x000002bfea4c1d10 nmethod 241 0x000002bfd243ba90 code [0x000002bfd243bc40, 0x000002bfd243bea8]
Event: 11.156 Thread 0x000002bfea4c1d10  243       3       java.util.regex.Pattern::read (33 bytes)
Event: 11.156 Thread 0x000002bfea4c1d10 nmethod 243 0x000002bfd243c010 code [0x000002bfd243c1c0, 0x000002bfd243c428]
Event: 11.156 Thread 0x000002bfea4c1d10  242       1       java.util.ArrayList::size (5 bytes)
Event: 11.156 Thread 0x000002bfea4c1d10 nmethod 242 0x000002bfd992f490 code [0x000002bfd992f620, 0x000002bfd992f6d8]

GC Heap History (0 events):
No events

Deoptimization events (4 events):
Event: 11.102 Thread 0x000002bfc9c20dd0 Uncommon trap: trap_request=0xffffff45 fr.pc=0x000002bfd99244c8 relative=0x0000000000000228
Event: 11.103 Thread 0x000002bfc9c20dd0 Uncommon trap: reason=unstable_if action=reinterpret pc=0x000002bfd99244c8 method=java.lang.String.hashCode()I @ 13 c2
Event: 11.103 Thread 0x000002bfc9c20dd0 DEOPT PACKING pc=0x000002bfd99244c8 sp=0x000000c756bfcb10
Event: 11.103 Thread 0x000002bfc9c20dd0 DEOPT UNPACKING pc=0x000002bfd1e9e42f sp=0x000000c756bfcaa8 mode 2

Classes unloaded (0 events):
No events

Classes redefined (0 events):
No events

Internal exceptions (4 events):
Event: 0.094 Thread 0x000002bfc9c20dd0 Exception <a 'java/io/FileNotFoundException'{0x000000074d318920}> (0x000000074d318920) 
thrown [./open/src/hotspot/share/prims/jni.cpp, line 578]
Event: 5.505 Thread 0x000002bfc9c20dd0 Exception <a 'java/io/FileNotFoundException'{0x000000074d32a640}> (0x000000074d32a640) 
thrown [./open/src/hotspot/share/prims/jni.cpp, line 578]
Event: 5.516 Thread 0x000002bfc9c20dd0 Exception <a 'java/io/FileNotFoundException'{0x000000074d338e88}> (0x000000074d338e88) 
thrown [./open/src/hotspot/share/prims/jni.cpp, line 578]
Event: 10.849 Thread 0x000002bfc9c20dd0 Exception <a 'java/io/FileNotFoundException'{0x000000074d34a5c8}> (0x000000074d34a5c8) 
thrown [./open/src/hotspot/share/prims/jni.cpp, line 578]

Events (20 events):
Event: 11.125 loading class java/util/Scanner$PatternLRUCache done
Event: 11.129 loading class jdk/internal/module/ModulePatcher$PatchedModuleReader
Event: 11.129 loading class jdk/internal/module/ModulePatcher$PatchedModuleReader done
Event: 11.131 Loaded shared library C:\Program Files\Java\jdk-15.0.1\bin\jimage.dll
Event: 11.132 loading class sun/net/www/protocol/jrt/Handler
Event: 11.132 loading class sun/net/www/protocol/jrt/Handler done
Event: 11.142 loading class sun/util/resources/LocaleData$CommonResourceBundleProvider
Event: 11.142 loading class sun/util/resources/LocaleData$LocaleDataResourceBundleProvider
Event: 11.142 loading class java/util/spi/ResourceBundleProvider
Event: 11.142 loading class java/util/spi/ResourceBundleProvider done
Event: 11.142 loading class sun/util/resources/LocaleData$LocaleDataResourceBundleProvider done
Event: 11.142 loading class sun/util/resources/LocaleData$CommonResourceBundleProvider done
Event: 11.143 loading class sun/util/resources/Bundles$2
Event: 11.143 loading class sun/util/resources/Bundles$2 done
Event: 11.144 loading class java/lang/InstantiationException
Event: 11.144 loading class java/lang/InstantiationException done
Event: 11.144 loading class java/lang/IllegalAccessException
Event: 11.144 loading class java/lang/IllegalAccessException done
Event: 11.144 loading class java/lang/InternalError
Event: 11.144 loading class java/lang/InternalError done


Dynamic libraries:
0x00007ff61c4a0000 - 0x00007ff61c4af000 	C:\Program Files\Java\jdk-15.0.1\bin\javaw.exe
0x00007ffa88220000 - 0x00007ffa88410000 	C:\Windows\SYSTEM32\ntdll.dll
0x00007ffa870a0000 - 0x00007ffa87152000 	C:\Windows\System32\KERNEL32.DLL
0x00007ffa85490000 - 0x00007ffa85735000 	C:\Windows\System32\KERNELBASE.dll
0x00007ffa851f0000 - 0x00007ffa852ea000 	C:\Windows\System32\ucrtbase.dll
0x00007ffa759b0000 - 0x00007ffa759c9000 	C:\Program Files\Java\jdk-15.0.1\bin\VCRUNTIME140.dll
0x00007ffa759d0000 - 0x00007ffa759e8000 	C:\Program Files\Java\jdk-15.0.1\bin\jli.dll
0x00007ffa86dd0000 - 0x00007ffa86e73000 	C:\Windows\System32\ADVAPI32.dll
0x00007ffa862d0000 - 0x00007ffa8636e000 	C:\Windows\System32\msvcrt.dll
0x00007ffa87c60000 - 0x00007ffa87cf7000 	C:\Windows\System32\sechost.dll
0x00007ffa86e80000 - 0x00007ffa86f9f000 	C:\Windows\System32\RPCRT4.dll
0x00007ffa87d00000 - 0x00007ffa87e94000 	C:\Windows\System32\USER32.dll
0x00007ffa862a0000 - 0x00007ffa862c1000 	C:\Windows\System32\win32u.dll
0x00007ffa87660000 - 0x00007ffa87686000 	C:\Windows\System32\GDI32.dll
0x00007ffa852f0000 - 0x00007ffa85488000 	C:\Windows\System32\gdi32full.dll
0x00007ffa85740000 - 0x00007ffa857de000 	C:\Windows\System32\msvcp_win.dll
0x00007ffa749e0000 - 0x00007ffa74c64000 	C:\Windows\WinSxS\amd64_microsoft.windows.common-controls_6595b64144ccf1df_6.0.18362.1316_none_9e7a364fe461dbd7\COMCTL32.dll
0x00007ffa87ea0000 - 0x00007ffa881d7000 	C:\Windows\System32\combase.dll
0x00007ffa85860000 - 0x00007ffa858e1000 	C:\Windows\System32\bcryptPrimitives.dll
0x00007ffa7c040000 - 0x00007ffa7c04a000 	C:\Windows\SYSTEM32\VERSION.dll
0x00007ffa86fa0000 - 0x00007ffa86fce000 	C:\Windows\System32\IMM32.DLL
0x00007ffa75db0000 - 0x00007ffa75dbc000 	C:\Program Files\Java\jdk-15.0.1\bin\vcruntime140_1.dll
0x00007ffa75840000 - 0x00007ffa758d1000 	C:\Program Files\Java\jdk-15.0.1\bin\msvcp140.dll
0x00007ffa48a50000 - 0x00007ffa495ae000 	C:\Program Files\Java\jdk-15.0.1\bin\server\jvm.dll
0x00007ffa86dc0000 - 0x00007ffa86dc8000 	C:\Windows\System32\PSAPI.DLL
0x00007ffa721d0000 - 0x00007ffa721d9000 	C:\Windows\SYSTEM32\WSOCK32.dll
0x00007ffa80330000 - 0x00007ffa80354000 	C:\Windows\SYSTEM32\WINMM.dll
0x000002bfc7b00000 - 0x000002bfc7b6f000 	C:\Windows\System32\ws2_32.DLL
0x00007ffa80300000 - 0x00007ffa8032d000 	C:\Windows\SYSTEM32\WINMMBASE.dll
0x00007ffa851a0000 - 0x00007ffa851ea000 	C:\Windows\System32\cfgmgr32.dll
0x00007ffa85180000 - 0x00007ffa85191000 	C:\Windows\System32\kernel.appcore.dll
0x00007ffa759a0000 - 0x00007ffa759aa000 	C:\Program Files\Java\jdk-15.0.1\bin\jimage.dll
0x00007ffa83990000 - 0x00007ffa83b84000 	C:\Windows\SYSTEM32\DBGHELP.DLL
0x00007ffa6f7a0000 - 0x00007ffa6f7ca000 	C:\Windows\SYSTEM32\dbgcore.DLL
0x00007ffa75970000 - 0x00007ffa75995000 	C:\Program Files\Java\jdk-15.0.1\bin\java.dll
0x00007ffa86660000 - 0x00007ffa86d48000 	C:\Windows\System32\SHELL32.dll
0x00007ffa87160000 - 0x00007ffa87207000 	C:\Windows\System32\shcore.dll
0x00007ffa85b20000 - 0x00007ffa8629b000 	C:\Windows\System32\windows.storage.dll
0x00007ffa850e0000 - 0x00007ffa85103000 	C:\Windows\System32\profapi.dll
0x00007ffa85110000 - 0x00007ffa8515a000 	C:\Windows\System32\powrprof.dll
0x00007ffa850d0000 - 0x00007ffa850e0000 	C:\Windows\System32\UMPDC.dll
0x00007ffa874a0000 - 0x00007ffa874f2000 	C:\Windows\System32\shlwapi.dll
0x00007ffa857e0000 - 0x00007ffa857f7000 	C:\Windows\System32\cryptsp.dll
0x00007ffa75950000 - 0x00007ffa75969000 	C:\Program Files\Java\jdk-15.0.1\bin\net.dll
0x00007ffa764f0000 - 0x00007ffa765e0000 	C:\Windows\SYSTEM32\WINHTTP.dll
0x00007ffa84910000 - 0x00007ffa84977000 	C:\Windows\system32\mswsock.dll
0x00007ffa75820000 - 0x00007ffa75832000 	C:\Program Files\Java\jdk-15.0.1\bin\nio.dll
0x00007ffa75710000 - 0x00007ffa75728000 	C:\Program Files\Java\jdk-15.0.1\bin\zip.dll
0x00007ffa75940000 - 0x00007ffa75950000 	C:\Program Files\Java\jdk-15.0.1\bin\verify.dll
0x0000000180000000 - 0x0000000180025000 	C:\Users\gorka\Documents\Repostiorios\PBL-3\PBL3\LeapMotion\lib\rxtxSerial.dll

dbghelp: loaded successfully - version: 4.0.5 - missing functions: none
symbol engine: initialized successfully - sym options: 0x614 - pdb path: .;C:\Program Files\Java\jdk-15.0.1\bin;C:\Windows\SYSTEM32;C:\Windows\WinSxS\amd64_microsoft.windows.common-controls_6595b64144ccf1df_6.0.18362.1316_none_9e7a364fe461dbd7;C:\Program Files\Java\jdk-15.0.1\bin\server;C:\Users\gorka\Documents\Repostiorios\PBL-3\PBL3\LeapMotion\lib

VM Arguments:
jvm_args: -Djava.library.path=C:\Users\gorka\Documents\Repostiorios\PBL-3\PBL3\LeapMotion\lib;C:\Users\gorka\Documents\Repostiorios\PBL-3\PBL3\LeapMotion\lib -Dfile.encoding=Cp1252 -XX:+ShowCodeDetailsInExceptionMessages 
java_command: pbl.Principal
java_class_path (initial): C:\Users\gorka\Documents\Repostiorios\PBL-3\PBL3\LeapMotion\bin;C:\Users\gorka\Documents\Repostiorios\PBL-3\PBL3\LeapMotion\LeapJava.jar;C:\Users\gorka\Documents\Repostiorios\PBL-3\PBL3\LeapMotion\RXTXcomm.jar
Launcher Type: SUN_STANDARD

[Global flags]
     intx CICompilerCount                          = 3                                         {product} {ergonomic}
     uint ConcGCThreads                            = 1                                         {product} {ergonomic}
     uint G1ConcRefinementThreads                  = 4                                         {product} {ergonomic}
   size_t G1HeapRegionSize                         = 2097152                                   {product} {ergonomic}
    uintx GCDrainStackTargetSize                   = 64                                        {product} {ergonomic}
   size_t InitialHeapSize                          = 201326592                                 {product} {ergonomic}
   size_t MarkStackSize                            = 4194304                                   {product} {ergonomic}
   size_t MaxHeapSize                              = 3200253952                                {product} {ergonomic}
   size_t MaxNewSize                               = 1918894080                                {product} {ergonomic}
   size_t MinHeapDeltaBytes                        = 2097152                                   {product} {ergonomic}
   size_t MinHeapSize                              = 8388608                                   {product} {ergonomic}
    uintx NonNMethodCodeHeapSize                   = 5832780                                {pd product} {ergonomic}
    uintx NonProfiledCodeHeapSize                  = 122912730                              {pd product} {ergonomic}
    uintx ProfiledCodeHeapSize                     = 122912730                              {pd product} {ergonomic}
    uintx ReservedCodeCacheSize                    = 251658240                              {pd product} {ergonomic}
     bool SegmentedCodeCache                       = true                                      {product} {ergonomic}
     bool ShowCodeDetailsInExceptionMessages       = true                                   {manageable} {command line}
   size_t SoftMaxHeapSize                          = 3200253952                             {manageable} {ergonomic}
     bool UseCompressedClassPointers               = true                                 {lp64_product} {ergonomic}
     bool UseCompressedOops                        = true                                 {lp64_product} {ergonomic}
     bool UseG1GC                                  = true                                      {product} {ergonomic}
     bool UseLargePagesIndividualAllocation        = false                                  {pd product} {ergonomic}

Logging:
Log output configuration:
 #0: stdout all=warning uptime,level,tags
 #1: stderr all=off uptime,level,tags

Environment Variables:
JAVA_HOME=C:\Program Files\Java\jdk-15.0.1
PATH=C:\Program Files\Common Files\Oracle\Java\javapath;C:\Program Files (x86)\NVIDIA Corporation\PhysX\Common;C:\Windows\system32;C:\Windows;C:\Windows\System32\Wbem;C:\Windows\System32\WindowsPowerShell\v1.0\;C:\Windows\System32\OpenSSH\;C:\Program Files\MATLAB\R2020a\runtime\win64;C:\Program Files\MATLAB\R2020a\bin;C:\Program Files\Git\cmd;C:\Program Files\nodejs\;C:\Program Files\PuTTY\;C:\Program Files (x86)\Windows Kits\8.1\Windows Performance Toolkit\;C:\Users\gorka\AppData\Local\Microsoft\WindowsApps;;C:\Users\gorka\AppData\Local\Programs\Microsoft VS Code\bin;C:\Users\gorka\AppData\Roaming\npm;C:\Program Files (x86)\Nmap
USERNAME=gorka
OS=Windows_NT
PROCESSOR_IDENTIFIER=Intel64 Family 6 Model 142 Stepping 9, GenuineIntel



---------------  S Y S T E M  ---------------

OS:
 Windows 10 , 64 bit Build 18362 (10.0.18362.1316)
OS uptime: 0 days 23:48 hours

CPU: total 4 (initial active 4) (2 cores per cpu, 2 threads per core) family 6 model 142 stepping 9 microcode 0xb4, cmov, cx8, fxsr, mmx, sse, sse2, sse3, ssse3, sse4.1, sse4.2, popcnt, vzeroupper, avx, avx2, aes, clmul, erms, 3dnowpref, lzcnt, ht, tsc, tscinvbit, bmi1, bmi2, adx, fma, clflush, clflushopt

Memory: 4k page, system-wide physical 12204M (5009M free)
TotalPageFile size 14060M (AvailPageFile size 4498M)
current process WorkingSet (physical memory assigned to process): 33M, peak: 33M
current process commit charge ("private bytes"): 272M, peak: 272M

vm_info: Java HotSpot(TM) 64-Bit Server VM (15.0.1+9-18) for windows-amd64 JRE (15.0.1+9-18), built on Sep 15 2020 14:43:54 by "mach5one" with unknown MS VC++:1925

END.
